1676473016091	geckodriver	INFO	Listening on 127.0.0.1:12687
1676473020325	geckodriver	INFO	Listening on 127.0.0.1:12699
1676475004093	geckodriver	INFO	Listening on 127.0.0.1:14223
1676475008066	geckodriver	INFO	Listening on 127.0.0.1:14233
1676475294964	geckodriver	INFO	Listening on 127.0.0.1:14400
1676475298897	geckodriver	INFO	Listening on 127.0.0.1:14410
1676475378927	geckodriver	INFO	Listening on 127.0.0.1:14460
1676477959902	geckodriver	INFO	Listening on 127.0.0.1:16448
1676477962920	mozrunner::runner	INFO	Running command: "C:\\Program Files\\Mozilla Firefox\\firefox.exe" "--marionette" "--remote-debugging-port" "16449" "--remote-allow-hosts" "localhost" "-no-remote" "-profile" "C:\\Users\\Alex\\AppData\\Local\\Temp\\rust_mozprofilemAiBaW"
console.warn: services.settings: Ignoring preference override of remote settings server
console.warn: services.settings: Allow by setting MOZ_REMOTE_SETTINGS_DEVTOOLS=1 in the environment
1676477963156	Marionette	INFO	Marionette enabled
Dynamically enable window occlusion 0
1676477963159	Marionette	INFO	Listening on port 16457
Read port: 16457
WebDriver BiDi listening on ws://127.0.0.1:16449
1676477963267	RemoteAgent	WARN	TLS certificate errors will be ignored for this session
console.warn: SearchSettings: "get: No settings file exists, new profile?" (new NotFoundError("Could not open the file at C:\\Users\\Alex\\AppData\\Local\\Temp\\rust_mozprofilemAiBaW\\search.json.mozlz4", (void 0)))
DevTools listening on ws://127.0.0.1:16449/devtools/browser/49fe04d6-b969-4d8a-992f-190de8c37824
1676477966180	Marionette	INFO	Stopped listening on port 16457
Dynamically enable window occlusion 1
1676477973810	geckodriver	INFO	Listening on 127.0.0.1:16506
1676477976841	mozrunner::runner	INFO	Running command: "C:\\Program Files\\Mozilla Firefox\\firefox.exe" "--marionette" "--remote-debugging-port" "16507" "--remote-allow-hosts" "localhost" "-no-remote" "-profile" "C:\\Users\\Alex\\AppData\\Local\\Temp\\rust_mozprofileVZdcQ5"
console.warn: services.settings: Ignoring preference override of remote settings server
console.warn: services.settings: Allow by setting MOZ_REMOTE_SETTINGS_DEVTOOLS=1 in the environment
1676477977166	Marionette	INFO	Marionette enabled
Dynamically enable window occlusion 0
1676477977169	Marionette	INFO	Listening on port 16516
WebDriver BiDi listening on ws://127.0.0.1:16507
Read port: 16516
1676477977360	RemoteAgent	WARN	TLS certificate errors will be ignored for this session
console.warn: SearchSettings: "get: No settings file exists, new profile?" (new NotFoundError("Could not open the file at C:\\Users\\Alex\\AppData\\Local\\Temp\\rust_mozprofileVZdcQ5\\search.json.mozlz4", (void 0)))
DevTools listening on ws://127.0.0.1:16507/devtools/browser/60f59600-3a52-4bf0-8194-f9248cd9665b
1676477980449	Marionette	INFO	Stopped listening on port 16516
Dynamically enable window occlusion 1
1676478173920	geckodriver	INFO	Listening on 127.0.0.1:16654
1676478176941	mozrunner::runner	INFO	Running command: "C:\\Program Files\\Mozilla Firefox\\firefox.exe" "--marionette" "--remote-debugging-port" "16655" "--remote-allow-hosts" "localhost" "-no-remote" "-profile" "C:\\Users\\Alex\\AppData\\Local\\Temp\\rust_mozprofilewjM3dd"
console.warn: services.settings: Ignoring preference override of remote settings server
console.warn: services.settings: Allow by setting MOZ_REMOTE_SETTINGS_DEVTOOLS=1 in the environment
1676478177212	Marionette	INFO	Marionette enabled
Dynamically enable window occlusion 0
1676478177216	Marionette	INFO	Listening on port 16663
Read port: 16663
WebDriver BiDi listening on ws://127.0.0.1:16655
1676478177326	RemoteAgent	WARN	TLS certificate errors will be ignored for this session
console.warn: SearchSettings: "get: No settings file exists, new profile?" (new NotFoundError("Could not open the file at C:\\Users\\Alex\\AppData\\Local\\Temp\\rust_mozprofilewjM3dd\\search.json.mozlz4", (void 0)))
DevTools listening on ws://127.0.0.1:16655/devtools/browser/834c3795-899d-467a-b1c8-e534ae5d5b80
1676478180109	Marionette	INFO	Stopped listening on port 16663
Dynamically enable window occlusion 1
1676478187618	geckodriver	INFO	Listening on 127.0.0.1:16712
1676478190640	mozrunner::runner	INFO	Running command: "C:\\Program Files\\Mozilla Firefox\\firefox.exe" "--marionette" "--remote-debugging-port" "16713" "--remote-allow-hosts" "localhost" "-no-remote" "-profile" "C:\\Users\\Alex\\AppData\\Local\\Temp\\rust_mozprofile8Bm54a"
console.warn: services.settings: Ignoring preference override of remote settings server
console.warn: services.settings: Allow by setting MOZ_REMOTE_SETTINGS_DEVTOOLS=1 in the environment
1676478190979	Marionette	INFO	Marionette enabled
Dynamically enable window occlusion 0
1676478190982	Marionette	INFO	Listening on port 16722
Read port: 16722
WebDriver BiDi listening on ws://127.0.0.1:16713
1676478191096	RemoteAgent	WARN	TLS certificate errors will be ignored for this session
console.warn: SearchSettings: "get: No settings file exists, new profile?" (new NotFoundError("Could not open the file at C:\\Users\\Alex\\AppData\\Local\\Temp\\rust_mozprofile8Bm54a\\search.json.mozlz4", (void 0)))
DevTools listening on ws://127.0.0.1:16713/devtools/browser/94fa05f9-8bdb-42d6-8098-0f7244019609
1676478193805	Marionette	INFO	Stopped listening on port 16722
Dynamically enable window occlusion 1
Invalid port. Exiting...
Invalid port. Exiting...
Invalid port. Exiting...
Invalid port. Exiting...
1676478748456	geckodriver	INFO	Listening on 127.0.0.1:17205
1676478751488	mozrunner::runner	INFO	Running command: "C:\\Program Files\\Mozilla Firefox\\firefox.exe" "--marionette" "--remote-debugging-port" "17206" "--remote-allow-hosts" "localhost" "-no-remote" "-profile" "C:\\Users\\Alex\\AppData\\Local\\Temp\\rust_mozprofilerTVaD9"
console.warn: services.settings: Ignoring preference override of remote settings server
console.warn: services.settings: Allow by setting MOZ_REMOTE_SETTINGS_DEVTOOLS=1 in the environment
1676478751742	Marionette	INFO	Marionette enabled
Dynamically enable window occlusion 0
1676478751747	Marionette	INFO	Listening on port 17215
Read port: 17215
WebDriver BiDi listening on ws://127.0.0.1:17206
1676478751859	RemoteAgent	WARN	TLS certificate errors will be ignored for this session
console.warn: SearchSettings: "get: No settings file exists, new profile?" (new NotFoundError("Could not open the file at C:\\Users\\Alex\\AppData\\Local\\Temp\\rust_mozprofilerTVaD9\\search.json.mozlz4", (void 0)))
DevTools listening on ws://127.0.0.1:17206/devtools/browser/f58ff263-bdaf-4732-85e3-16beb41e7289
1676478754541	Marionette	INFO	Stopped listening on port 17215
Dynamically enable window occlusion 1
1676478758144	geckodriver	INFO	Listening on 127.0.0.1:17259
1676478761172	mozrunner::runner	INFO	Running command: "C:\\Program Files\\Mozilla Firefox\\firefox.exe" "--marionette" "--remote-debugging-port" "17260" "--remote-allow-hosts" "localhost" "-no-remote" "-profile" "C:\\Users\\Alex\\AppData\\Local\\Temp\\rust_mozprofileFRcQvX"
console.warn: services.settings: Ignoring preference override of remote settings server
console.warn: services.settings: Allow by setting MOZ_REMOTE_SETTINGS_DEVTOOLS=1 in the environment
1676478761430	Marionette	INFO	Marionette enabled
Dynamically enable window occlusion 0
1676478761433	Marionette	INFO	Listening on port 17269
Read port: 17269
WebDriver BiDi listening on ws://127.0.0.1:17260
1676478761549	RemoteAgent	WARN	TLS certificate errors will be ignored for this session
console.warn: SearchSettings: "get: No settings file exists, new profile?" (new NotFoundError("Could not open the file at C:\\Users\\Alex\\AppData\\Local\\Temp\\rust_mozprofileFRcQvX\\search.json.mozlz4", (void 0)))
DevTools listening on ws://127.0.0.1:17260/devtools/browser/7186cea3-a54b-49c5-8e6a-3e168394561f
1676478768639	Marionette	INFO	Stopped listening on port 17269
Dynamically enable window occlusion 1
1676478823491	geckodriver	INFO	Listening on 127.0.0.1:17399
1676478826522	mozrunner::runner	INFO	Running command: "C:\\Program Files\\Mozilla Firefox\\firefox.exe" "--marionette" "--remote-debugging-port" "17400" "--remote-allow-hosts" "localhost" "-no-remote" "-profile" "C:\\Users\\Alex\\AppData\\Local\\Temp\\rust_mozprofileuEd01D"
console.warn: services.settings: Ignoring preference override of remote settings server
console.warn: services.settings: Allow by setting MOZ_REMOTE_SETTINGS_DEVTOOLS=1 in the environment
1676478826793	Marionette	INFO	Marionette enabled
Dynamically enable window occlusion 0
1676478826797	Marionette	INFO	Listening on port 17409
Read port: 17409
WebDriver BiDi listening on ws://127.0.0.1:17400
1676478826913	RemoteAgent	WARN	TLS certificate errors will be ignored for this session
console.warn: SearchSettings: "get: No settings file exists, new profile?" (new NotFoundError("Could not open the file at C:\\Users\\Alex\\AppData\\Local\\Temp\\rust_mozprofileuEd01D\\search.json.mozlz4", (void 0)))
DevTools listening on ws://127.0.0.1:17400/devtools/browser/c51f13b0-a993-41bc-b678-674ed49e3458
1676478829719	Marionette	INFO	Stopped listening on port 17409
Dynamically enable window occlusion 1
1676478837159	geckodriver	INFO	Listening on 127.0.0.1:17456
1676478840189	mozrunner::runner	INFO	Running command: "C:\\Program Files\\Mozilla Firefox\\firefox.exe" "--marionette" "--remote-debugging-port" "17457" "--remote-allow-hosts" "localhost" "-no-remote" "-profile" "C:\\Users\\Alex\\AppData\\Local\\Temp\\rust_mozprofilekg4Bc6"
console.warn: services.settings: Ignoring preference override of remote settings server
console.warn: services.settings: Allow by setting MOZ_REMOTE_SETTINGS_DEVTOOLS=1 in the environment
1676478840469	Marionette	INFO	Marionette enabled
Dynamically enable window occlusion 0
1676478840473	Marionette	INFO	Listening on port 17466
Read port: 17466
WebDriver BiDi listening on ws://127.0.0.1:17457
1676478840587	RemoteAgent	WARN	TLS certificate errors will be ignored for this session
console.warn: SearchSettings: "get: No settings file exists, new profile?" (new NotFoundError("Could not open the file at C:\\Users\\Alex\\AppData\\Local\\Temp\\rust_mozprofilekg4Bc6\\search.json.mozlz4", (void 0)))
DevTools listening on ws://127.0.0.1:17457/devtools/browser/71a1df66-bf87-4f7e-85d6-52b082909b43
1676478843470	Marionette	INFO	Stopped listening on port 17466
Dynamically enable window occlusion 1
1676478868768	geckodriver	INFO	Listening on 127.0.0.1:17523
1676478871800	mozrunner::runner	INFO	Running command: "C:\\Program Files\\Mozilla Firefox\\firefox.exe" "--marionette" "--remote-debugging-port" "17524" "--remote-allow-hosts" "localhost" "-no-remote" "-profile" "C:\\Users\\Alex\\AppData\\Local\\Temp\\rust_mozprofileIuXdGo"
console.warn: services.settings: Ignoring preference override of remote settings server
console.warn: services.settings: Allow by setting MOZ_REMOTE_SETTINGS_DEVTOOLS=1 in the environment
1676478872098	Marionette	INFO	Marionette enabled
Dynamically enable window occlusion 0
1676478872101	Marionette	INFO	Listening on port 17533
Read port: 17533
WebDriver BiDi listening on ws://127.0.0.1:17524
1676478872221	RemoteAgent	WARN	TLS certificate errors will be ignored for this session
console.warn: SearchSettings: "get: No settings file exists, new profile?" (new NotFoundError("Could not open the file at C:\\Users\\Alex\\AppData\\Local\\Temp\\rust_mozprofileIuXdGo\\search.json.mozlz4", (void 0)))
DevTools listening on ws://127.0.0.1:17524/devtools/browser/d262f4f7-e629-491e-9de2-d4c273e98241
1676478874801	Marionette	INFO	Stopped listening on port 17533
Dynamically enable window occlusion 1
JavaScript error: resource://gre/modules/UrlClassifierListManager.jsm, line 693: TypeError: this.tablesData[table] is undefined
1676478882275	geckodriver	INFO	Listening on 127.0.0.1:17580
1676478885306	mozrunner::runner	INFO	Running command: "C:\\Program Files\\Mozilla Firefox\\firefox.exe" "--marionette" "--remote-debugging-port" "17581" "--remote-allow-hosts" "localhost" "-no-remote" "-profile" "C:\\Users\\Alex\\AppData\\Local\\Temp\\rust_mozprofilexowM6P"
console.warn: services.settings: Ignoring preference override of remote settings server
console.warn: services.settings: Allow by setting MOZ_REMOTE_SETTINGS_DEVTOOLS=1 in the environment
1676478885558	Marionette	INFO	Marionette enabled
Dynamically enable window occlusion 0
1676478885561	Marionette	INFO	Listening on port 17590
Read port: 17590
WebDriver BiDi listening on ws://127.0.0.1:17581
1676478885677	RemoteAgent	WARN	TLS certificate errors will be ignored for this session
console.warn: SearchSettings: "get: No settings file exists, new profile?" (new NotFoundError("Could not open the file at C:\\Users\\Alex\\AppData\\Local\\Temp\\rust_mozprofilexowM6P\\search.json.mozlz4", (void 0)))
DevTools listening on ws://127.0.0.1:17581/devtools/browser/7922e072-a40b-4c4a-bc18-ab6eb8dfda4f
1676478893737	Marionette	INFO	Stopped listening on port 17590
Dynamically enable window occlusion 1
1676479079133	geckodriver	INFO	Listening on 127.0.0.1:17735
1676479082172	mozrunner::runner	INFO	Running command: "C:\\Program Files\\Mozilla Firefox\\firefox.exe" "--marionette" "--remote-debugging-port" "17736" "--remote-allow-hosts" "localhost" "-no-remote" "-profile" "C:\\Users\\Alex\\AppData\\Local\\Temp\\rust_mozprofileHPgm9g"
console.warn: services.settings: Ignoring preference override of remote settings server
console.warn: services.settings: Allow by setting MOZ_REMOTE_SETTINGS_DEVTOOLS=1 in the environment
1676479082449	Marionette	INFO	Marionette enabled
Dynamically enable window occlusion 0
1676479082452	Marionette	INFO	Listening on port 17745
Read port: 17745
WebDriver BiDi listening on ws://127.0.0.1:17736
1676479082559	RemoteAgent	WARN	TLS certificate errors will be ignored for this session
console.warn: SearchSettings: "get: No settings file exists, new profile?" (new NotFoundError("Could not open the file at C:\\Users\\Alex\\AppData\\Local\\Temp\\rust_mozprofileHPgm9g\\search.json.mozlz4", (void 0)))
DevTools listening on ws://127.0.0.1:17736/devtools/browser/ac37e536-1032-4586-b4be-319f1c21478c
1676479090476	Marionette	INFO	Stopped listening on port 17745
Dynamically enable window occlusion 1
1676479150637	geckodriver	INFO	Listening on 127.0.0.1:17863
1676479153575	mozrunner::runner	INFO	Running command: "C:\\Program Files\\Mozilla Firefox\\firefox.exe" "--marionette" "--remote-debugging-port" "17864" "--remote-allow-hosts" "localhost" "-no-remote" "-profile" "C:\\Users\\Alex\\AppData\\Local\\Temp\\rust_mozprofileLvDW4v"
console.warn: services.settings: Ignoring preference override of remote settings server
console.warn: services.settings: Allow by setting MOZ_REMOTE_SETTINGS_DEVTOOLS=1 in the environment
1676479153841	Marionette	INFO	Marionette enabled
Dynamically enable window occlusion 0
1676479153844	Marionette	INFO	Listening on port 17873
Read port: 17873
WebDriver BiDi listening on ws://127.0.0.1:17864
1676479153956	RemoteAgent	WARN	TLS certificate errors will be ignored for this session
console.warn: SearchSettings: "get: No settings file exists, new profile?" (new NotFoundError("Could not open the file at C:\\Users\\Alex\\AppData\\Local\\Temp\\rust_mozprofileLvDW4v\\search.json.mozlz4", (void 0)))
DevTools listening on ws://127.0.0.1:17864/devtools/browser/61d319ee-674e-47dd-ab2b-a7803346ddfe
1676479161744	Marionette	INFO	Stopped listening on port 17873
Dynamically enable window occlusion 1
1676479190689	geckodriver	INFO	Listening on 127.0.0.1:17959
1676479193719	mozrunner::runner	INFO	Running command: "C:\\Program Files\\Mozilla Firefox\\firefox.exe" "--marionette" "--remote-debugging-port" "17960" "--remote-allow-hosts" "localhost" "-no-remote" "-profile" "C:\\Users\\Alex\\AppData\\Local\\Temp\\rust_mozprofileHvwekh"
console.warn: services.settings: Ignoring preference override of remote settings server
console.warn: services.settings: Allow by setting MOZ_REMOTE_SETTINGS_DEVTOOLS=1 in the environment
1676479193973	Marionette	INFO	Marionette enabled
Dynamically enable window occlusion 0
1676479193976	Marionette	INFO	Listening on port 17969
Read port: 17969
WebDriver BiDi listening on ws://127.0.0.1:17960
1676479194096	RemoteAgent	WARN	TLS certificate errors will be ignored for this session
console.warn: SearchSettings: "get: No settings file exists, new profile?" (new NotFoundError("Could not open the file at C:\\Users\\Alex\\AppData\\Local\\Temp\\rust_mozprofileHvwekh\\search.json.mozlz4", (void 0)))
DevTools listening on ws://127.0.0.1:17960/devtools/browser/67c87f88-261c-4023-880f-d433f5cd0718
console.warn: LoginRecipes: "Falling back to a synchronous message for: https://www.kjell.com."
1676479212314	Marionette	INFO	Stopped listening on port 17969
Dynamically enable window occlusion 1
1676479301031	geckodriver	INFO	Listening on 127.0.0.1:18100
1676479304060	mozrunner::runner	INFO	Running command: "C:\\Program Files\\Mozilla Firefox\\firefox.exe" "--marionette" "--remote-debugging-port" "18101" "--remote-allow-hosts" "localhost" "-no-remote" "-profile" "C:\\Users\\Alex\\AppData\\Local\\Temp\\rust_mozprofilen3Xs1E"
console.warn: services.settings: Ignoring preference override of remote settings server
console.warn: services.settings: Allow by setting MOZ_REMOTE_SETTINGS_DEVTOOLS=1 in the environment
1676479304400	Marionette	INFO	Marionette enabled
Dynamically enable window occlusion 0
1676479304403	Marionette	INFO	Listening on port 18109
Read port: 18109
WebDriver BiDi listening on ws://127.0.0.1:18101
1676479304515	RemoteAgent	WARN	TLS certificate errors will be ignored for this session
console.warn: SearchSettings: "get: No settings file exists, new profile?" (new NotFoundError("Could not open the file at C:\\Users\\Alex\\AppData\\Local\\Temp\\rust_mozprofilen3Xs1E\\search.json.mozlz4", (void 0)))
DevTools listening on ws://127.0.0.1:18101/devtools/browser/7396a730-0634-4795-a5f8-a5d8f9bd703f
console.warn: LoginRecipes: "Falling back to a synchronous message for: https://www.kjell.com."
1676479322263	Marionette	INFO	Stopped listening on port 18109
Dynamically enable window occlusion 1
[Parent 23012, IPC I/O Parent] WARNING: DuplicateHandle failed for handle 0 in TransferHandles: file /builds/worker/checkouts/gecko/ipc/chromium/src/chrome/common/ipc_channel_win.cc:777
1676479563853	geckodriver	INFO	Listening on 127.0.0.1:18529
1676479566885	mozrunner::runner	INFO	Running command: "C:\\Program Files\\Mozilla Firefox\\firefox.exe" "--marionette" "--remote-debugging-port" "18530" "--remote-allow-hosts" "localhost" "-no-remote" "-profile" "C:\\Users\\Alex\\AppData\\Local\\Temp\\rust_mozprofileGFtOBc"
console.warn: services.settings: Ignoring preference override of remote settings server
console.warn: services.settings: Allow by setting MOZ_REMOTE_SETTINGS_DEVTOOLS=1 in the environment
1676479567155	Marionette	INFO	Marionette enabled
Dynamically enable window occlusion 0
1676479567158	Marionette	INFO	Listening on port 18538
Read port: 18538
WebDriver BiDi listening on ws://127.0.0.1:18530
1676479567270	RemoteAgent	WARN	TLS certificate errors will be ignored for this session
console.warn: SearchSettings: "get: No settings file exists, new profile?" (new NotFoundError("Could not open the file at C:\\Users\\Alex\\AppData\\Local\\Temp\\rust_mozprofileGFtOBc\\search.json.mozlz4", (void 0)))
DevTools listening on ws://127.0.0.1:18530/devtools/browser/cedfce17-a7c5-4f8f-9c3f-97b9f0371a0d
1676479569989	Marionette	INFO	Stopped listening on port 18538
Dynamically enable window occlusion 1
JavaScript error: resource://gre/modules/UrlClassifierListManager.jsm, line 693: TypeError: this.tablesData[table] is undefined
1676479577563	geckodriver	INFO	Listening on 127.0.0.1:18585
1676479580594	mozrunner::runner	INFO	Running command: "C:\\Program Files\\Mozilla Firefox\\firefox.exe" "--marionette" "--remote-debugging-port" "18586" "--remote-allow-hosts" "localhost" "-no-remote" "-profile" "C:\\Users\\Alex\\AppData\\Local\\Temp\\rust_mozprofile6wpNjQ"
console.warn: services.settings: Ignoring preference override of remote settings server
console.warn: services.settings: Allow by setting MOZ_REMOTE_SETTINGS_DEVTOOLS=1 in the environment
1676479580932	Marionette	INFO	Marionette enabled
Dynamically enable window occlusion 0
1676479580935	Marionette	INFO	Listening on port 18594
Read port: 18594
WebDriver BiDi listening on ws://127.0.0.1:18586
1676479581046	RemoteAgent	WARN	TLS certificate errors will be ignored for this session
console.warn: SearchSettings: "get: No settings file exists, new profile?" (new NotFoundError("Could not open the file at C:\\Users\\Alex\\AppData\\Local\\Temp\\rust_mozprofile6wpNjQ\\search.json.mozlz4", (void 0)))
DevTools listening on ws://127.0.0.1:18586/devtools/browser/e5ef5d04-45b3-4195-a835-9df57ba00ac4
console.warn: LoginRecipes: "Falling back to a synchronous message for: https://www.kjell.com."
1676479598751	Marionette	INFO	Stopped listening on port 18594
Dynamically enable window occlusion 1
1676480250566	geckodriver	INFO	Listening on 127.0.0.1:19157
1676480253585	mozrunner::runner	INFO	Running command: "C:\\Program Files\\Mozilla Firefox\\firefox.exe" "--marionette" "--remote-debugging-port" "19158" "--remote-allow-hosts" "localhost" "-no-remote" "-profile" "C:\\Users\\Alex\\AppData\\Local\\Temp\\rust_mozprofileur9u8o"
console.warn: services.settings: Ignoring preference override of remote settings server
console.warn: services.settings: Allow by setting MOZ_REMOTE_SETTINGS_DEVTOOLS=1 in the environment
1676480253860	Marionette	INFO	Marionette enabled
Dynamically enable window occlusion 0
1676480253863	Marionette	INFO	Listening on port 19167
Read port: 19167
WebDriver BiDi listening on ws://127.0.0.1:19158
1676480253970	RemoteAgent	WARN	TLS certificate errors will be ignored for this session
console.warn: SearchSettings: "get: No settings file exists, new profile?" (new NotFoundError("Could not open the file at C:\\Users\\Alex\\AppData\\Local\\Temp\\rust_mozprofileur9u8o\\search.json.mozlz4", (void 0)))
DevTools listening on ws://127.0.0.1:19158/devtools/browser/b70d2c43-c958-4930-abe7-491335887616
1676480256946	Marionette	INFO	Stopped listening on port 19167
Dynamically enable window occlusion 1
1676484024959	geckodriver	INFO	Listening on 127.0.0.1:22241
1676484027987	mozrunner::runner	INFO	Running command: "C:\\Program Files\\Mozilla Firefox\\firefox.exe" "--marionette" "--remote-debugging-port" "22242" "--remote-allow-hosts" "localhost" "-no-remote" "-profile" "C:\\Users\\Alex\\AppData\\Local\\Temp\\rust_mozprofileCCNJvI"
console.warn: services.settings: Ignoring preference override of remote settings server
console.warn: services.settings: Allow by setting MOZ_REMOTE_SETTINGS_DEVTOOLS=1 in the environment
1676484028273	Marionette	INFO	Marionette enabled
Dynamically enable window occlusion 0
1676484028276	Marionette	INFO	Listening on port 22250
Read port: 22250
WebDriver BiDi listening on ws://127.0.0.1:22242
1676484028393	RemoteAgent	WARN	TLS certificate errors will be ignored for this session
console.warn: SearchSettings: "get: No settings file exists, new profile?" (new NotFoundError("Could not open the file at C:\\Users\\Alex\\AppData\\Local\\Temp\\rust_mozprofileCCNJvI\\search.json.mozlz4", (void 0)))
DevTools listening on ws://127.0.0.1:22242/devtools/browser/435c4e79-ba3d-4c5d-9594-971e426d8260
1676484036700	Marionette	INFO	Stopped listening on port 22250
Dynamically enable window occlusion 1
1676484085592	geckodriver	INFO	Listening on 127.0.0.1:22372
1676484088622	mozrunner::runner	INFO	Running command: "C:\\Program Files\\Mozilla Firefox\\firefox.exe" "--marionette" "--remote-debugging-port" "22373" "--remote-allow-hosts" "localhost" "-no-remote" "-profile" "C:\\Users\\Alex\\AppData\\Local\\Temp\\rust_mozprofilePzi52K"
console.warn: services.settings: Ignoring preference override of remote settings server
console.warn: services.settings: Allow by setting MOZ_REMOTE_SETTINGS_DEVTOOLS=1 in the environment
1676484088895	Marionette	INFO	Marionette enabled
Dynamically enable window occlusion 0
1676484088898	Marionette	INFO	Listening on port 22382
Read port: 22382
WebDriver BiDi listening on ws://127.0.0.1:22373
1676484089010	RemoteAgent	WARN	TLS certificate errors will be ignored for this session
console.warn: SearchSettings: "get: No settings file exists, new profile?" (new NotFoundError("Could not open the file at C:\\Users\\Alex\\AppData\\Local\\Temp\\rust_mozprofilePzi52K\\search.json.mozlz4", (void 0)))
DevTools listening on ws://127.0.0.1:22373/devtools/browser/0a4f8df2-8b5f-45b2-bb9e-afb1214d2d28
1676484096884	Marionette	INFO	Stopped listening on port 22382
Dynamically enable window occlusion 1
1676484180624	geckodriver	INFO	Listening on 127.0.0.1:22512
1676484183640	mozrunner::runner	INFO	Running command: "C:\\Program Files\\Mozilla Firefox\\firefox.exe" "--marionette" "--remote-debugging-port" "22513" "--remote-allow-hosts" "localhost" "-no-remote" "-profile" "C:\\Users\\Alex\\AppData\\Local\\Temp\\rust_mozprofilefqvpoz"
console.warn: services.settings: Ignoring preference override of remote settings server
console.warn: services.settings: Allow by setting MOZ_REMOTE_SETTINGS_DEVTOOLS=1 in the environment
1676484183945	Marionette	INFO	Marionette enabled
Dynamically enable window occlusion 0
1676484183948	Marionette	INFO	Listening on port 22522
WebDriver BiDi listening on ws://127.0.0.1:22513
Read port: 22522
1676484184174	RemoteAgent	WARN	TLS certificate errors will be ignored for this session
console.warn: SearchSettings: "get: No settings file exists, new profile?" (new NotFoundError("Could not open the file at C:\\Users\\Alex\\AppData\\Local\\Temp\\rust_mozprofilefqvpoz\\search.json.mozlz4", (void 0)))
DevTools listening on ws://127.0.0.1:22513/devtools/browser/6b184132-233c-484a-9b75-22ec60764be4
1676484192296	Marionette	INFO	Stopped listening on port 22522
Dynamically enable window occlusion 1
1676484365506	geckodriver	INFO	Listening on 127.0.0.1:22742
1676484368527	mozrunner::runner	INFO	Running command: "C:\\Program Files\\Mozilla Firefox\\firefox.exe" "--marionette" "--remote-debugging-port" "22743" "--remote-allow-hosts" "localhost" "-no-remote" "-profile" "C:\\Users\\Alex\\AppData\\Local\\Temp\\rust_mozprofiletwJisR"
console.warn: services.settings: Ignoring preference override of remote settings server
console.warn: services.settings: Allow by setting MOZ_REMOTE_SETTINGS_DEVTOOLS=1 in the environment
1676484368806	Marionette	INFO	Marionette enabled
Dynamically enable window occlusion 0
1676484368811	Marionette	INFO	Listening on port 22758
Read port: 22758
WebDriver BiDi listening on ws://127.0.0.1:22743
1676484368934	RemoteAgent	WARN	TLS certificate errors will be ignored for this session
console.warn: SearchSettings: "get: No settings file exists, new profile?" (new NotFoundError("Could not open the file at C:\\Users\\Alex\\AppData\\Local\\Temp\\rust_mozprofiletwJisR\\search.json.mozlz4", (void 0)))
DevTools listening on ws://127.0.0.1:22743/devtools/browser/5c83b784-94d0-4407-b301-1cff1c69fc8b
1676484378234	Marionette	INFO	Stopped listening on port 22758
Dynamically enable window occlusion 1
1676484402366	geckodriver	INFO	Listening on 127.0.0.1:22860
1676484405396	mozrunner::runner	INFO	Running command: "C:\\Program Files\\Mozilla Firefox\\firefox.exe" "--marionette" "--remote-debugging-port" "22861" "--remote-allow-hosts" "localhost" "-no-remote" "-profile" "C:\\Users\\Alex\\AppData\\Local\\Temp\\rust_mozprofileUBVnZe"
console.warn: services.settings: Ignoring preference override of remote settings server
console.warn: services.settings: Allow by setting MOZ_REMOTE_SETTINGS_DEVTOOLS=1 in the environment
1676484405648	Marionette	INFO	Marionette enabled
Dynamically enable window occlusion 0
1676484405651	Marionette	INFO	Listening on port 22869
Read port: 22869
WebDriver BiDi listening on ws://127.0.0.1:22861
1676484405768	RemoteAgent	WARN	TLS certificate errors will be ignored for this session
console.warn: SearchSettings: "get: No settings file exists, new profile?" (new NotFoundError("Could not open the file at C:\\Users\\Alex\\AppData\\Local\\Temp\\rust_mozprofileUBVnZe\\search.json.mozlz4", (void 0)))
DevTools listening on ws://127.0.0.1:22861/devtools/browser/f900a549-1f77-49c1-b689-90522a1be84d
1676484416995	Marionette	INFO	Stopped listening on port 22869
Dynamically enable window occlusion 1
1676484470350	geckodriver	INFO	Listening on 127.0.0.1:23137
1676484473366	mozrunner::runner	INFO	Running command: "C:\\Program Files\\Mozilla Firefox\\firefox.exe" "--marionette" "--remote-debugging-port" "23138" "--remote-allow-hosts" "localhost" "-no-remote" "-profile" "C:\\Users\\Alex\\AppData\\Local\\Temp\\rust_mozprofile9UFh5s"
console.warn: services.settings: Ignoring preference override of remote settings server
console.warn: services.settings: Allow by setting MOZ_REMOTE_SETTINGS_DEVTOOLS=1 in the environment
1676484473681	Marionette	INFO	Marionette enabled
Dynamically enable window occlusion 0
1676484473685	Marionette	INFO	Listening on port 23147
WebDriver BiDi listening on ws://127.0.0.1:23138
Read port: 23147
1676484473907	RemoteAgent	WARN	TLS certificate errors will be ignored for this session
console.warn: SearchSettings: "get: No settings file exists, new profile?" (new NotFoundError("Could not open the file at C:\\Users\\Alex\\AppData\\Local\\Temp\\rust_mozprofile9UFh5s\\search.json.mozlz4", (void 0)))
DevTools listening on ws://127.0.0.1:23138/devtools/browser/6cff1752-2e35-43d0-8193-4893dd2b8b01
1676484491277	Marionette	INFO	Stopped listening on port 23147
Dynamically enable window occlusion 1
1676484555532	geckodriver	INFO	Listening on 127.0.0.1:23678
1676484558545	mozrunner::runner	INFO	Running command: "C:\\Program Files\\Mozilla Firefox\\firefox.exe" "--marionette" "--remote-debugging-port" "23679" "--remote-allow-hosts" "localhost" "-no-remote" "-profile" "C:\\Users\\Alex\\AppData\\Local\\Temp\\rust_mozprofiled8dVOS"
console.warn: services.settings: Ignoring preference override of remote settings server
console.warn: services.settings: Allow by setting MOZ_REMOTE_SETTINGS_DEVTOOLS=1 in the environment
1676484558782	Marionette	INFO	Marionette enabled
Dynamically enable window occlusion 0
1676484558785	Marionette	INFO	Listening on port 23694
Read port: 23694
WebDriver BiDi listening on ws://127.0.0.1:23679
1676484558910	RemoteAgent	WARN	TLS certificate errors will be ignored for this session
console.warn: SearchSettings: "get: No settings file exists, new profile?" (new NotFoundError("Could not open the file at C:\\Users\\Alex\\AppData\\Local\\Temp\\rust_mozprofiled8dVOS\\search.json.mozlz4", (void 0)))
DevTools listening on ws://127.0.0.1:23679/devtools/browser/6fb8070f-2bf4-47e3-bc32-cbed68f7e24c
1676484567158	Marionette	INFO	Stopped listening on port 23694
Dynamically enable window occlusion 1
1676484637708	geckodriver	INFO	Listening on 127.0.0.1:24199
1676484640711	mozrunner::runner	INFO	Running command: "C:\\Program Files\\Mozilla Firefox\\firefox.exe" "--marionette" "--remote-debugging-port" "24200" "--remote-allow-hosts" "localhost" "-no-remote" "-profile" "C:\\Users\\Alex\\AppData\\Local\\Temp\\rust_mozprofileowlqaE"
console.warn: services.settings: Ignoring preference override of remote settings server
console.warn: services.settings: Allow by setting MOZ_REMOTE_SETTINGS_DEVTOOLS=1 in the environment
1676484640950	Marionette	INFO	Marionette enabled
Dynamically enable window occlusion 0
1676484640953	Marionette	INFO	Listening on port 24244
Read port: 24244
WebDriver BiDi listening on ws://127.0.0.1:24200
1676484641075	RemoteAgent	WARN	TLS certificate errors will be ignored for this session
console.warn: SearchSettings: "get: No settings file exists, new profile?" (new NotFoundError("Could not open the file at C:\\Users\\Alex\\AppData\\Local\\Temp\\rust_mozprofileowlqaE\\search.json.mozlz4", (void 0)))
DevTools listening on ws://127.0.0.1:24200/devtools/browser/2ba94e35-de90-449e-9289-e64d96c78cf2
1676484652350	Marionette	INFO	Stopped listening on port 24244
Dynamically enable window occlusion 1
1676484668427	geckodriver	INFO	Listening on 127.0.0.1:24472
1676484671439	mozrunner::runner	INFO	Running command: "C:\\Program Files\\Mozilla Firefox\\firefox.exe" "--marionette" "--remote-debugging-port" "24473" "--remote-allow-hosts" "localhost" "-no-remote" "-profile" "C:\\Users\\Alex\\AppData\\Local\\Temp\\rust_mozprofileIISSrn"
console.warn: services.settings: Ignoring preference override of remote settings server
console.warn: services.settings: Allow by setting MOZ_REMOTE_SETTINGS_DEVTOOLS=1 in the environment
1676484671710	Marionette	INFO	Marionette enabled
Dynamically enable window occlusion 0
1676484671713	Marionette	INFO	Listening on port 24485
Read port: 24485
WebDriver BiDi listening on ws://127.0.0.1:24473
1676484671841	RemoteAgent	WARN	TLS certificate errors will be ignored for this session
console.warn: SearchSettings: "get: No settings file exists, new profile?" (new NotFoundError("Could not open the file at C:\\Users\\Alex\\AppData\\Local\\Temp\\rust_mozprofileIISSrn\\search.json.mozlz4", (void 0)))
DevTools listening on ws://127.0.0.1:24473/devtools/browser/367b4a73-40f1-438a-811e-5ae368000bd3
1676484683520	Marionette	INFO	Stopped listening on port 24485
Dynamically enable window occlusion 1
WARNING: A blocker encountered an error while we were waiting.
          Blocker:  Waiting for ping task
          Phase: TelemetryController: Waiting for pending ping activity
          State: (none)
WARNING: Error: Phase "profile-before-change" is finished, it is too late to register completion condition "OS.File: flush I/O queued before profileBeforeChange"
WARNING: addBlocker@resource://gre/modules/AsyncShutdown.sys.mjs:727:15
addBlocker@resource://gre/modules/AsyncShutdown.sys.mjs:523:26
addBlocker@resource://gre/modules/AsyncShutdown.sys.mjs:458:15
setupShutdown@resource://gre/modules/osfile/osfile_async_front.jsm:1548:28
@resource://gre/modules/osfile/osfile_async_front.jsm:1568:16
@resource://gre/modules/osfile.jsm:12:30
@resource://gre/modules/TelemetryStorage.sys.mjs:10:28
_checkPendingPings@resource://gre/modules/TelemetrySend.sys.mjs:863:17
setup@resource://gre/modules/TelemetrySend.sys.mjs:803:18
setup@resource://gre/modules/TelemetrySend.sys.mjs:241:30
setupTelemetry/this._delayedInitTask<@resource://gre/modules/TelemetryControllerParent.sys.mjs:829:36
observe@resource://gre/modules/AsyncShutdown.sys.mjs:576:16

WARNING: A blocker encountered an error while we were waiting.
          Blocker:  Waiting for ping task
          Phase: TelemetryController: Waiting for pending ping activity
          State: (none)
WARNING: Error: Phase "profile-before-change" is finished, it is too late to register completion condition "OS.File: flush I/O queued before profileBeforeChange"
WARNING: addBlocker@resource://gre/modules/AsyncShutdown.sys.mjs:727:15
addBlocker@resource://gre/modules/AsyncShutdown.sys.mjs:523:26
addBlocker@resource://gre/modules/AsyncShutdown.sys.mjs:458:15
setupShutdown@resource://gre/modules/osfile/osfile_async_front.jsm:1548:28
@resource://gre/modules/osfile/osfile_async_front.jsm:1568:16
@resource://gre/modules/osfile.jsm:12:30
@resource://gre/modules/TelemetryStorage.sys.mjs:10:28
_checkPendingPings@resource://gre/modules/TelemetrySend.sys.mjs:863:17
setup@resource://gre/modules/TelemetrySend.sys.mjs:803:18
setup@resource://gre/modules/TelemetrySend.sys.mjs:241:30
setupTelemetry/this._delayedInitTask<@resource://gre/modules/TelemetryControllerParent.sys.mjs:829:36
observe@resource://gre/modules/AsyncShutdown.sys.mjs:576:16

WARNING: A blocker encountered an error while we were waiting.
          Blocker:  Waiting for ping task
          Phase: TelemetryController: Waiting for pending ping activity
          State: (none)
WARNING: Error: Phase "profile-before-change" is finished, it is too late to register completion condition "OS.File: flush I/O queued before profileBeforeChange"
WARNING: addBlocker@resource://gre/modules/AsyncShutdown.sys.mjs:727:15
addBlocker@resource://gre/modules/AsyncShutdown.sys.mjs:523:26
addBlocker@resource://gre/modules/AsyncShutdown.sys.mjs:458:15
setupShutdown@resource://gre/modules/osfile/osfile_async_front.jsm:1548:28
@resource://gre/modules/osfile/osfile_async_front.jsm:1568:16
@resource://gre/modules/osfile.jsm:12:30
@resource://gre/modules/TelemetryStorage.sys.mjs:10:28
_checkPendingPings@resource://gre/modules/TelemetrySend.sys.mjs:863:17
setup@resource://gre/modules/TelemetrySend.sys.mjs:803:18
setup@resource://gre/modules/TelemetrySend.sys.mjs:241:30
setupTelemetry/this._delayedInitTask<@resource://gre/modules/TelemetryControllerParent.sys.mjs:829:36
observe@resource://gre/modules/AsyncShutdown.sys.mjs:576:16

WARNING: A blocker encountered an error while we were waiting.
          Blocker:  TelemetryController: shutting down
          Phase: profile-before-change-telemetry
          State: Error getting state: Error: Phase "profile-before-change" is finished, it is too late to register completion condition "OS.File: flush I/O queued before profileBeforeChange" at addBlocker@resource://gre/modules/AsyncShutdown.sys.mjs:727:15
addBlocker@resource://gre/modules/AsyncShutdown.sys.mjs:523:26
addBlocker@resource://gre/modules/AsyncShutdown.sys.mjs:458:15
setupShutdown@resource://gre/modules/osfile/osfile_async_front.jsm:1548:28
@resource://gre/modules/osfile/osfile_async_front.jsm:1568:16
@resource://gre/modules/osfile.jsm:12:30
@resource://gre/modules/TelemetryStorage.sys.mjs:10:28
_checkPendingPings@resource://gre/modules/TelemetrySend.sys.mjs:863:17
setup@resource://gre/modules/TelemetrySend.sys.mjs:803:18
setup@resource://gre/modules/TelemetrySend.sys.mjs:241:30
setupTelemetry/this._delayedInitTask<@resource://gre/modules/TelemetryControllerParent.sys.mjs:829:36
observe@resource://gre/modules/AsyncShutdown.sys.mjs:576:16

WARNING: Error: Phase "profile-before-change" is finished, it is too late to register completion condition "OS.File: flush I/O queued before profileBeforeChange"
WARNING: addBlocker@resource://gre/modules/AsyncShutdown.sys.mjs:727:15
addBlocker@resource://gre/modules/AsyncShutdown.sys.mjs:523:26
addBlocker@resource://gre/modules/AsyncShutdown.sys.mjs:458:15
setupShutdown@resource://gre/modules/osfile/osfile_async_front.jsm:1548:28
@resource://gre/modules/osfile/osfile_async_front.jsm:1568:16
@resource://gre/modules/osfile.jsm:12:30
@resource://gre/modules/TelemetryStorage.sys.mjs:10:28
_checkPendingPings@resource://gre/modules/TelemetrySend.sys.mjs:863:17
setup@resource://gre/modules/TelemetrySend.sys.mjs:803:18
setup@resource://gre/modules/TelemetrySend.sys.mjs:241:30
setupTelemetry/this._delayedInitTask<@resource://gre/modules/TelemetryControllerParent.sys.mjs:829:36
observe@resource://gre/modules/AsyncShutdown.sys.mjs:576:16

JavaScript error: resource://gre/modules/AsyncShutdown.sys.mjs, line 727: Error: Phase "profile-before-change" is finished, it is too late to register completion condition "OS.File: flush I/O queued before profileBeforeChange"
JavaScript error: resource://gre/modules/AsyncShutdown.sys.mjs, line 727: Error: Phase "profile-before-change" is finished, it is too late to register completion condition "OS.File: flush I/O queued before profileBeforeChange"
JavaScript error: resource://gre/modules/AsyncShutdown.sys.mjs, line 727: Error: Phase "profile-before-change" is finished, it is too late to register completion condition "OS.File: flush I/O queued before profileBeforeChange"
JavaScript error: resource://gre/modules/AsyncShutdown.sys.mjs, line 727: Error: Phase "profile-before-change" is finished, it is too late to register completion condition "OS.File: flush I/O queued before profileBeforeChange"
JavaScript error: resource://gre/modules/AsyncShutdown.sys.mjs, line 727: Error: Phase "profile-before-change" is finished, it is too late to register completion condition "OS.File: flush I/O queued before profileBeforeChange"
JavaScript error: resource://gre/modules/AsyncShutdown.sys.mjs, line 727: Error: Phase "profile-before-change" is finished, it is too late to register completion condition "OS.File: flush I/O queued before profileBeforeChange"
1676484703580	geckodriver	INFO	Listening on 127.0.0.1:24685
1676484706586	mozrunner::runner	INFO	Running command: "C:\\Program Files\\Mozilla Firefox\\firefox.exe" "--marionette" "--remote-debugging-port" "24686" "--remote-allow-hosts" "localhost" "-no-remote" "-profile" "C:\\Users\\Alex\\AppData\\Local\\Temp\\rust_mozprofile8DvvBj"
console.warn: services.settings: Ignoring preference override of remote settings server
console.warn: services.settings: Allow by setting MOZ_REMOTE_SETTINGS_DEVTOOLS=1 in the environment
1676484706827	Marionette	INFO	Marionette enabled
Dynamically enable window occlusion 0
1676484706830	Marionette	INFO	Listening on port 24733
Read port: 24733
WebDriver BiDi listening on ws://127.0.0.1:24686
1676484706955	RemoteAgent	WARN	TLS certificate errors will be ignored for this session
console.warn: SearchSettings: "get: No settings file exists, new profile?" (new NotFoundError("Could not open the file at C:\\Users\\Alex\\AppData\\Local\\Temp\\rust_mozprofile8DvvBj\\search.json.mozlz4", (void 0)))
DevTools listening on ws://127.0.0.1:24686/devtools/browser/e98ac933-05f1-427d-a425-3218a1adf6b1
1676484714612	Marionette	INFO	Stopped listening on port 24733
Dynamically enable window occlusion 1
1676484749426	geckodriver	INFO	Listening on 127.0.0.1:24994
1676484752426	mozrunner::runner	INFO	Running command: "C:\\Program Files\\Mozilla Firefox\\firefox.exe" "--marionette" "--remote-debugging-port" "24995" "--remote-allow-hosts" "localhost" "-no-remote" "-profile" "C:\\Users\\Alex\\AppData\\Local\\Temp\\rust_mozprofilex2q2Jj"
console.warn: services.settings: Ignoring preference override of remote settings server
console.warn: services.settings: Allow by setting MOZ_REMOTE_SETTINGS_DEVTOOLS=1 in the environment
1676484752669	Marionette	INFO	Marionette enabled
Dynamically enable window occlusion 0
1676484752672	Marionette	INFO	Listening on port 25048
Read port: 25048
WebDriver BiDi listening on ws://127.0.0.1:24995
1676484752801	RemoteAgent	WARN	TLS certificate errors will be ignored for this session
console.warn: SearchSettings: "get: No settings file exists, new profile?" (new NotFoundError("Could not open the file at C:\\Users\\Alex\\AppData\\Local\\Temp\\rust_mozprofilex2q2Jj\\search.json.mozlz4", (void 0)))
DevTools listening on ws://127.0.0.1:24995/devtools/browser/f8ff1c80-64b3-4ac4-a981-27b5248c5d6a
1676484759749	Marionette	INFO	Stopped listening on port 25048
Dynamically enable window occlusion 1
WARNING: A blocker encountered an error while we were waiting.
          Blocker:  Waiting for ping task
          Phase: TelemetryController: Waiting for pending ping activity
          State: (none)
WARNING: Error: Phase "profile-before-change" is finished, it is too late to register completion condition "OS.File: flush I/O queued before profileBeforeChange"
WARNING: addBlocker@resource://gre/modules/AsyncShutdown.sys.mjs:727:15
addBlocker@resource://gre/modules/AsyncShutdown.sys.mjs:523:26
addBlocker@resource://gre/modules/AsyncShutdown.sys.mjs:458:15
setupShutdown@resource://gre/modules/osfile/osfile_async_front.jsm:1548:28
@resource://gre/modules/osfile/osfile_async_front.jsm:1568:16
@resource://gre/modules/osfile.jsm:12:30
@resource://gre/modules/TelemetryStorage.sys.mjs:10:28
_checkPendingPings@resource://gre/modules/TelemetrySend.sys.mjs:863:17
setup@resource://gre/modules/TelemetrySend.sys.mjs:803:18
setup@resource://gre/modules/TelemetrySend.sys.mjs:241:30
setupTelemetry/this._delayedInitTask<@resource://gre/modules/TelemetryControllerParent.sys.mjs:829:36
observe@resource://gre/modules/AsyncShutdown.sys.mjs:576:16

WARNING: A blocker encountered an error while we were waiting.
          Blocker:  Waiting for ping task
          Phase: TelemetryController: Waiting for pending ping activity
          State: (none)
WARNING: Error: Phase "profile-before-change" is finished, it is too late to register completion condition "OS.File: flush I/O queued before profileBeforeChange"
WARNING: addBlocker@resource://gre/modules/AsyncShutdown.sys.mjs:727:15
addBlocker@resource://gre/modules/AsyncShutdown.sys.mjs:523:26
addBlocker@resource://gre/modules/AsyncShutdown.sys.mjs:458:15
setupShutdown@resource://gre/modules/osfile/osfile_async_front.jsm:1548:28
@resource://gre/modules/osfile/osfile_async_front.jsm:1568:16
@resource://gre/modules/osfile.jsm:12:30
@resource://gre/modules/TelemetryStorage.sys.mjs:10:28
_checkPendingPings@resource://gre/modules/TelemetrySend.sys.mjs:863:17
setup@resource://gre/modules/TelemetrySend.sys.mjs:803:18
setup@resource://gre/modules/TelemetrySend.sys.mjs:241:30
setupTelemetry/this._delayedInitTask<@resource://gre/modules/TelemetryControllerParent.sys.mjs:829:36
observe@resource://gre/modules/AsyncShutdown.sys.mjs:576:16

WARNING: A blocker encountered an error while we were waiting.
          Blocker:  Waiting for ping task
          Phase: TelemetryController: Waiting for pending ping activity
          State: (none)
WARNING: Error: Phase "profile-before-change" is finished, it is too late to register completion condition "OS.File: flush I/O queued before profileBeforeChange"
WARNING: addBlocker@resource://gre/modules/AsyncShutdown.sys.mjs:727:15
addBlocker@resource://gre/modules/AsyncShutdown.sys.mjs:523:26
addBlocker@resource://gre/modules/AsyncShutdown.sys.mjs:458:15
setupShutdown@resource://gre/modules/osfile/osfile_async_front.jsm:1548:28
@resource://gre/modules/osfile/osfile_async_front.jsm:1568:16
@resource://gre/modules/osfile.jsm:12:30
@resource://gre/modules/TelemetryStorage.sys.mjs:10:28
_checkPendingPings@resource://gre/modules/TelemetrySend.sys.mjs:863:17
setup@resource://gre/modules/TelemetrySend.sys.mjs:803:18
setup@resource://gre/modules/TelemetrySend.sys.mjs:241:30
setupTelemetry/this._delayedInitTask<@resource://gre/modules/TelemetryControllerParent.sys.mjs:829:36
observe@resource://gre/modules/AsyncShutdown.sys.mjs:576:16

WARNING: A blocker encountered an error while we were waiting.
          Blocker:  TelemetryController: shutting down
          Phase: profile-before-change-telemetry
          State: Error getting state: Error: Phase "profile-before-change" is finished, it is too late to register completion condition "OS.File: flush I/O queued before profileBeforeChange" at addBlocker@resource://gre/modules/AsyncShutdown.sys.mjs:727:15
addBlocker@resource://gre/modules/AsyncShutdown.sys.mjs:523:26
addBlocker@resource://gre/modules/AsyncShutdown.sys.mjs:458:15
setupShutdown@resource://gre/modules/osfile/osfile_async_front.jsm:1548:28
@resource://gre/modules/osfile/osfile_async_front.jsm:1568:16
@resource://gre/modules/osfile.jsm:12:30
@resource://gre/modules/TelemetryStorage.sys.mjs:10:28
_checkPendingPings@resource://gre/modules/TelemetrySend.sys.mjs:863:17
setup@resource://gre/modules/TelemetrySend.sys.mjs:803:18
setup@resource://gre/modules/TelemetrySend.sys.mjs:241:30
setupTelemetry/this._delayedInitTask<@resource://gre/modules/TelemetryControllerParent.sys.mjs:829:36
observe@resource://gre/modules/AsyncShutdown.sys.mjs:576:16

WARNING: Error: Phase "profile-before-change" is finished, it is too late to register completion condition "OS.File: flush I/O queued before profileBeforeChange"
WARNING: addBlocker@resource://gre/modules/AsyncShutdown.sys.mjs:727:15
addBlocker@resource://gre/modules/AsyncShutdown.sys.mjs:523:26
addBlocker@resource://gre/modules/AsyncShutdown.sys.mjs:458:15
setupShutdown@resource://gre/modules/osfile/osfile_async_front.jsm:1548:28
@resource://gre/modules/osfile/osfile_async_front.jsm:1568:16
@resource://gre/modules/osfile.jsm:12:30
@resource://gre/modules/TelemetryStorage.sys.mjs:10:28
_checkPendingPings@resource://gre/modules/TelemetrySend.sys.mjs:863:17
setup@resource://gre/modules/TelemetrySend.sys.mjs:803:18
setup@resource://gre/modules/TelemetrySend.sys.mjs:241:30
setupTelemetry/this._delayedInitTask<@resource://gre/modules/TelemetryControllerParent.sys.mjs:829:36
observe@resource://gre/modules/AsyncShutdown.sys.mjs:576:16

JavaScript error: resource://gre/modules/AsyncShutdown.sys.mjs, line 727: Error: Phase "profile-before-change" is finished, it is too late to register completion condition "OS.File: flush I/O queued before profileBeforeChange"
JavaScript error: resource://gre/modules/AsyncShutdown.sys.mjs, line 727: Error: Phase "profile-before-change" is finished, it is too late to register completion condition "OS.File: flush I/O queued before profileBeforeChange"
JavaScript error: resource://gre/modules/AsyncShutdown.sys.mjs, line 727: Error: Phase "profile-before-change" is finished, it is too late to register completion condition "OS.File: flush I/O queued before profileBeforeChange"
JavaScript error: resource://gre/modules/AsyncShutdown.sys.mjs, line 727: Error: Phase "profile-before-change" is finished, it is too late to register completion condition "OS.File: flush I/O queued before profileBeforeChange"
JavaScript error: resource://gre/modules/AsyncShutdown.sys.mjs, line 727: Error: Phase "profile-before-change" is finished, it is too late to register completion condition "OS.File: flush I/O queued before profileBeforeChange"
JavaScript error: resource://gre/modules/AsyncShutdown.sys.mjs, line 727: Error: Phase "profile-before-change" is finished, it is too late to register completion condition "OS.File: flush I/O queued before profileBeforeChange"
1676484801745	geckodriver	INFO	Listening on 127.0.0.1:25371
1676484804763	mozrunner::runner	INFO	Running command: "C:\\Program Files\\Mozilla Firefox\\firefox.exe" "--marionette" "--remote-debugging-port" "25372" "--remote-allow-hosts" "localhost" "-no-remote" "-profile" "C:\\Users\\Alex\\AppData\\Local\\Temp\\rust_mozprofileKJCepK"
console.warn: services.settings: Ignoring preference override of remote settings server
console.warn: services.settings: Allow by setting MOZ_REMOTE_SETTINGS_DEVTOOLS=1 in the environment
1676484805030	Marionette	INFO	Marionette enabled
Dynamically enable window occlusion 0
1676484805034	Marionette	INFO	Listening on port 25389
Read port: 25389
WebDriver BiDi listening on ws://127.0.0.1:25372
1676484805155	RemoteAgent	WARN	TLS certificate errors will be ignored for this session
console.warn: SearchSettings: "get: No settings file exists, new profile?" (new NotFoundError("Could not open the file at C:\\Users\\Alex\\AppData\\Local\\Temp\\rust_mozprofileKJCepK\\search.json.mozlz4", (void 0)))
DevTools listening on ws://127.0.0.1:25372/devtools/browser/b05e7aaa-054f-4214-9094-38d73598d9f1
1676484811852	Marionette	INFO	Stopped listening on port 25389
Dynamically enable window occlusion 1
[Parent 25644, IPC I/O Parent] WARNING: DuplicateHandle failed for handle 0 in TransferHandles: file /builds/worker/checkouts/gecko/ipc/chromium/src/chrome/common/ipc_channel_win.cc:777
1676484826658	geckodriver	INFO	Listening on 127.0.0.1:25550
1676484829679	mozrunner::runner	INFO	Running command: "C:\\Program Files\\Mozilla Firefox\\firefox.exe" "--marionette" "--remote-debugging-port" "25551" "--remote-allow-hosts" "localhost" "-no-remote" "-profile" "C:\\Users\\Alex\\AppData\\Local\\Temp\\rust_mozprofileZCEE6b"
console.warn: services.settings: Ignoring preference override of remote settings server
console.warn: services.settings: Allow by setting MOZ_REMOTE_SETTINGS_DEVTOOLS=1 in the environment
1676484829964	Marionette	INFO	Marionette enabled
Dynamically enable window occlusion 0
1676484829968	Marionette	INFO	Listening on port 25586
Read port: 25586
WebDriver BiDi listening on ws://127.0.0.1:25551
1676484830091	RemoteAgent	WARN	TLS certificate errors will be ignored for this session
console.warn: SearchSettings: "get: No settings file exists, new profile?" (new NotFoundError("Could not open the file at C:\\Users\\Alex\\AppData\\Local\\Temp\\rust_mozprofileZCEE6b\\search.json.mozlz4", (void 0)))
DevTools listening on ws://127.0.0.1:25551/devtools/browser/90366061-9443-4250-ae25-b9093ff8d4fa
1676484836563	Marionette	INFO	Stopped listening on port 25586
Dynamically enable window occlusion 1
1676484845827	geckodriver	INFO	Listening on 127.0.0.1:25733
1676484848851	mozrunner::runner	INFO	Running command: "C:\\Program Files\\Mozilla Firefox\\firefox.exe" "--marionette" "--remote-debugging-port" "25734" "--remote-allow-hosts" "localhost" "-no-remote" "-profile" "C:\\Users\\Alex\\AppData\\Local\\Temp\\rust_mozprofilelkmoSb"
console.warn: services.settings: Ignoring preference override of remote settings server
console.warn: services.settings: Allow by setting MOZ_REMOTE_SETTINGS_DEVTOOLS=1 in the environment
1676484849137	Marionette	INFO	Marionette enabled
Dynamically enable window occlusion 0
1676484849141	Marionette	INFO	Listening on port 25742
Read port: 25742
WebDriver BiDi listening on ws://127.0.0.1:25734
1676484849265	RemoteAgent	WARN	TLS certificate errors will be ignored for this session
console.warn: SearchSettings: "get: No settings file exists, new profile?" (new NotFoundError("Could not open the file at C:\\Users\\Alex\\AppData\\Local\\Temp\\rust_mozprofilelkmoSb\\search.json.mozlz4", (void 0)))
DevTools listening on ws://127.0.0.1:25734/devtools/browser/3fcfe4f7-c574-42f0-baeb-38c188dabd92
1676484855674	Marionette	INFO	Stopped listening on port 25742
Dynamically enable window occlusion 1
1676484872606	geckodriver	INFO	Listening on 127.0.0.1:25934
1676484875613	mozrunner::runner	INFO	Running command: "C:\\Program Files\\Mozilla Firefox\\firefox.exe" "--marionette" "--remote-debugging-port" "25935" "--remote-allow-hosts" "localhost" "-no-remote" "-profile" "C:\\Users\\Alex\\AppData\\Local\\Temp\\rust_mozprofileVcTJBB"
console.warn: services.settings: Ignoring preference override of remote settings server
console.warn: services.settings: Allow by setting MOZ_REMOTE_SETTINGS_DEVTOOLS=1 in the environment
1676484875856	Marionette	INFO	Marionette enabled
Dynamically enable window occlusion 0
1676484875859	Marionette	INFO	Listening on port 25956
Read port: 25956
WebDriver BiDi listening on ws://127.0.0.1:25935
1676484875984	RemoteAgent	WARN	TLS certificate errors will be ignored for this session
console.warn: SearchSettings: "get: No settings file exists, new profile?" (new NotFoundError("Could not open the file at C:\\Users\\Alex\\AppData\\Local\\Temp\\rust_mozprofileVcTJBB\\search.json.mozlz4", (void 0)))
DevTools listening on ws://127.0.0.1:25935/devtools/browser/77ae4a61-6494-4dfe-aa85-a8f6e06e522c
1676484882922	Marionette	INFO	Stopped listening on port 25956
Dynamically enable window occlusion 1
1676484895857	geckodriver	INFO	Listening on 127.0.0.1:26131
1676484898870	mozrunner::runner	INFO	Running command: "C:\\Program Files\\Mozilla Firefox\\firefox.exe" "--marionette" "--remote-debugging-port" "26132" "--remote-allow-hosts" "localhost" "-no-remote" "-profile" "C:\\Users\\Alex\\AppData\\Local\\Temp\\rust_mozprofileDXi0MX"
console.warn: services.settings: Ignoring preference override of remote settings server
console.warn: services.settings: Allow by setting MOZ_REMOTE_SETTINGS_DEVTOOLS=1 in the environment
1676484899106	Marionette	INFO	Marionette enabled
Dynamically enable window occlusion 0
1676484899110	Marionette	INFO	Listening on port 26149
Read port: 26149
WebDriver BiDi listening on ws://127.0.0.1:26132
1676484899231	RemoteAgent	WARN	TLS certificate errors will be ignored for this session
console.warn: SearchSettings: "get: No settings file exists, new profile?" (new NotFoundError("Could not open the file at C:\\Users\\Alex\\AppData\\Local\\Temp\\rust_mozprofileDXi0MX\\search.json.mozlz4", (void 0)))
DevTools listening on ws://127.0.0.1:26132/devtools/browser/d266c325-492f-4ecf-9169-a0977116a0fb
1676484905698	Marionette	INFO	Stopped listening on port 26149
Dynamically enable window occlusion 1
WARNING: A blocker encountered an error while we were waiting.
          Blocker:  Waiting for ping task
          Phase: TelemetryController: Waiting for pending ping activity
          State: (none)
WARNING: Error: Phase "profile-before-change" is finished, it is too late to register completion condition "OS.File: flush I/O queued before profileBeforeChange"
WARNING: addBlocker@resource://gre/modules/AsyncShutdown.sys.mjs:727:15
addBlocker@resource://gre/modules/AsyncShutdown.sys.mjs:523:26
addBlocker@resource://gre/modules/AsyncShutdown.sys.mjs:458:15
setupShutdown@resource://gre/modules/osfile/osfile_async_front.jsm:1548:28
@resource://gre/modules/osfile/osfile_async_front.jsm:1568:16
@resource://gre/modules/osfile.jsm:12:30
@resource://gre/modules/TelemetryStorage.sys.mjs:10:28
_checkPendingPings@resource://gre/modules/TelemetrySend.sys.mjs:863:17
setup@resource://gre/modules/TelemetrySend.sys.mjs:803:18
setup@resource://gre/modules/TelemetrySend.sys.mjs:241:30
setupTelemetry/this._delayedInitTask<@resource://gre/modules/TelemetryControllerParent.sys.mjs:829:36
observe@resource://gre/modules/AsyncShutdown.sys.mjs:576:16

WARNING: A blocker encountered an error while we were waiting.
          Blocker:  Waiting for ping task
          Phase: TelemetryController: Waiting for pending ping activity
          State: (none)
WARNING: Error: Phase "profile-before-change" is finished, it is too late to register completion condition "OS.File: flush I/O queued before profileBeforeChange"
WARNING: addBlocker@resource://gre/modules/AsyncShutdown.sys.mjs:727:15
addBlocker@resource://gre/modules/AsyncShutdown.sys.mjs:523:26
addBlocker@resource://gre/modules/AsyncShutdown.sys.mjs:458:15
setupShutdown@resource://gre/modules/osfile/osfile_async_front.jsm:1548:28
@resource://gre/modules/osfile/osfile_async_front.jsm:1568:16
@resource://gre/modules/osfile.jsm:12:30
@resource://gre/modules/TelemetryStorage.sys.mjs:10:28
_checkPendingPings@resource://gre/modules/TelemetrySend.sys.mjs:863:17
setup@resource://gre/modules/TelemetrySend.sys.mjs:803:18
setup@resource://gre/modules/TelemetrySend.sys.mjs:241:30
setupTelemetry/this._delayedInitTask<@resource://gre/modules/TelemetryControllerParent.sys.mjs:829:36
observe@resource://gre/modules/AsyncShutdown.sys.mjs:576:16

WARNING: A blocker encountered an error while we were waiting.
          Blocker:  Waiting for ping task
          Phase: TelemetryController: Waiting for pending ping activity
          State: (none)
WARNING: Error: Phase "profile-before-change" is finished, it is too late to register completion condition "OS.File: flush I/O queued before profileBeforeChange"
WARNING: addBlocker@resource://gre/modules/AsyncShutdown.sys.mjs:727:15
addBlocker@resource://gre/modules/AsyncShutdown.sys.mjs:523:26
addBlocker@resource://gre/modules/AsyncShutdown.sys.mjs:458:15
setupShutdown@resource://gre/modules/osfile/osfile_async_front.jsm:1548:28
@resource://gre/modules/osfile/osfile_async_front.jsm:1568:16
@resource://gre/modules/osfile.jsm:12:30
@resource://gre/modules/TelemetryStorage.sys.mjs:10:28
_checkPendingPings@resource://gre/modules/TelemetrySend.sys.mjs:863:17
setup@resource://gre/modules/TelemetrySend.sys.mjs:803:18
setup@resource://gre/modules/TelemetrySend.sys.mjs:241:30
setupTelemetry/this._delayedInitTask<@resource://gre/modules/TelemetryControllerParent.sys.mjs:829:36
observe@resource://gre/modules/AsyncShutdown.sys.mjs:576:16

WARNING: A blocker encountered an error while we were waiting.
          Blocker:  TelemetryController: shutting down
          Phase: profile-before-change-telemetry
          State: Error getting state: Error: Phase "profile-before-change" is finished, it is too late to register completion condition "OS.File: flush I/O queued before profileBeforeChange" at addBlocker@resource://gre/modules/AsyncShutdown.sys.mjs:727:15
addBlocker@resource://gre/modules/AsyncShutdown.sys.mjs:523:26
addBlocker@resource://gre/modules/AsyncShutdown.sys.mjs:458:15
setupShutdown@resource://gre/modules/osfile/osfile_async_front.jsm:1548:28
@resource://gre/modules/osfile/osfile_async_front.jsm:1568:16
@resource://gre/modules/osfile.jsm:12:30
@resource://gre/modules/TelemetryStorage.sys.mjs:10:28
_checkPendingPings@resource://gre/modules/TelemetrySend.sys.mjs:863:17
setup@resource://gre/modules/TelemetrySend.sys.mjs:803:18
setup@resource://gre/modules/TelemetrySend.sys.mjs:241:30
setupTelemetry/this._delayedInitTask<@resource://gre/modules/TelemetryControllerParent.sys.mjs:829:36
observe@resource://gre/modules/AsyncShutdown.sys.mjs:576:16

WARNING: Error: Phase "profile-before-change" is finished, it is too late to register completion condition "OS.File: flush I/O queued before profileBeforeChange"
WARNING: addBlocker@resource://gre/modules/AsyncShutdown.sys.mjs:727:15
addBlocker@resource://gre/modules/AsyncShutdown.sys.mjs:523:26
addBlocker@resource://gre/modules/AsyncShutdown.sys.mjs:458:15
setupShutdown@resource://gre/modules/osfile/osfile_async_front.jsm:1548:28
@resource://gre/modules/osfile/osfile_async_front.jsm:1568:16
@resource://gre/modules/osfile.jsm:12:30
@resource://gre/modules/TelemetryStorage.sys.mjs:10:28
_checkPendingPings@resource://gre/modules/TelemetrySend.sys.mjs:863:17
setup@resource://gre/modules/TelemetrySend.sys.mjs:803:18
setup@resource://gre/modules/TelemetrySend.sys.mjs:241:30
setupTelemetry/this._delayedInitTask<@resource://gre/modules/TelemetryControllerParent.sys.mjs:829:36
observe@resource://gre/modules/AsyncShutdown.sys.mjs:576:16

JavaScript error: resource://gre/modules/AsyncShutdown.sys.mjs, line 727: Error: Phase "profile-before-change" is finished, it is too late to register completion condition "OS.File: flush I/O queued before profileBeforeChange"
JavaScript error: resource://gre/modules/AsyncShutdown.sys.mjs, line 727: Error: Phase "profile-before-change" is finished, it is too late to register completion condition "OS.File: flush I/O queued before profileBeforeChange"
JavaScript error: resource://gre/modules/AsyncShutdown.sys.mjs, line 727: Error: Phase "profile-before-change" is finished, it is too late to register completion condition "OS.File: flush I/O queued before profileBeforeChange"
JavaScript error: resource://gre/modules/AsyncShutdown.sys.mjs, line 727: Error: Phase "profile-before-change" is finished, it is too late to register completion condition "OS.File: flush I/O queued before profileBeforeChange"
JavaScript error: resource://gre/modules/AsyncShutdown.sys.mjs, line 727: Error: Phase "profile-before-change" is finished, it is too late to register completion condition "OS.File: flush I/O queued before profileBeforeChange"
JavaScript error: resource://gre/modules/AsyncShutdown.sys.mjs, line 727: Error: Phase "profile-before-change" is finished, it is too late to register completion condition "OS.File: flush I/O queued before profileBeforeChange"
1676484914537	geckodriver	INFO	Listening on 127.0.0.1:26268
1676484917546	mozrunner::runner	INFO	Running command: "C:\\Program Files\\Mozilla Firefox\\firefox.exe" "--marionette" "--remote-debugging-port" "26269" "--remote-allow-hosts" "localhost" "-no-remote" "-profile" "C:\\Users\\Alex\\AppData\\Local\\Temp\\rust_mozprofiley5eeDV"
console.warn: services.settings: Ignoring preference override of remote settings server
console.warn: services.settings: Allow by setting MOZ_REMOTE_SETTINGS_DEVTOOLS=1 in the environment
1676484917797	Marionette	INFO	Marionette enabled
Dynamically enable window occlusion 0
1676484917801	Marionette	INFO	Listening on port 26302
Read port: 26302
WebDriver BiDi listening on ws://127.0.0.1:26269
1676484917923	RemoteAgent	WARN	TLS certificate errors will be ignored for this session
console.warn: SearchSettings: "get: No settings file exists, new profile?" (new NotFoundError("Could not open the file at C:\\Users\\Alex\\AppData\\Local\\Temp\\rust_mozprofiley5eeDV\\search.json.mozlz4", (void 0)))
DevTools listening on ws://127.0.0.1:26269/devtools/browser/b4ff8909-bad1-4c46-8383-83f69416a396
1676484924258	Marionette	INFO	Stopped listening on port 26302
Dynamically enable window occlusion 1
1676484938765	geckodriver	INFO	Listening on 127.0.0.1:26457
1676484941768	mozrunner::runner	INFO	Running command: "C:\\Program Files\\Mozilla Firefox\\firefox.exe" "--marionette" "--remote-debugging-port" "26458" "--remote-allow-hosts" "localhost" "-no-remote" "-profile" "C:\\Users\\Alex\\AppData\\Local\\Temp\\rust_mozprofileG66q53"
console.warn: services.settings: Ignoring preference override of remote settings server
console.warn: services.settings: Allow by setting MOZ_REMOTE_SETTINGS_DEVTOOLS=1 in the environment
1676484942038	Marionette	INFO	Marionette enabled
Dynamically enable window occlusion 0
1676484942042	Marionette	INFO	Listening on port 26506
Read port: 26506
WebDriver BiDi listening on ws://127.0.0.1:26458
1676484942166	RemoteAgent	WARN	TLS certificate errors will be ignored for this session
console.warn: SearchSettings: "get: No settings file exists, new profile?" (new NotFoundError("Could not open the file at C:\\Users\\Alex\\AppData\\Local\\Temp\\rust_mozprofileG66q53\\search.json.mozlz4", (void 0)))
DevTools listening on ws://127.0.0.1:26458/devtools/browser/3f8e2690-5e27-4dd4-b6a7-8d62238ce5f0
1676484948858	Marionette	INFO	Stopped listening on port 26506
Dynamically enable window occlusion 1
1676484957997	geckodriver	INFO	Listening on 127.0.0.1:26628
1676484961007	mozrunner::runner	INFO	Running command: "C:\\Program Files\\Mozilla Firefox\\firefox.exe" "--marionette" "--remote-debugging-port" "26629" "--remote-allow-hosts" "localhost" "-no-remote" "-profile" "C:\\Users\\Alex\\AppData\\Local\\Temp\\rust_mozprofiley5PTV0"
console.warn: services.settings: Ignoring preference override of remote settings server
console.warn: services.settings: Allow by setting MOZ_REMOTE_SETTINGS_DEVTOOLS=1 in the environment
1676484961258	Marionette	INFO	Marionette enabled
Dynamically enable window occlusion 0
1676484961262	Marionette	INFO	Listening on port 26665
Read port: 26665
WebDriver BiDi listening on ws://127.0.0.1:26629
1676484961392	RemoteAgent	WARN	TLS certificate errors will be ignored for this session
console.warn: SearchSettings: "get: No settings file exists, new profile?" (new NotFoundError("Could not open the file at C:\\Users\\Alex\\AppData\\Local\\Temp\\rust_mozprofiley5PTV0\\search.json.mozlz4", (void 0)))
DevTools listening on ws://127.0.0.1:26629/devtools/browser/aa8d5aba-69f3-4f78-b236-46591ed403a8
1676484970963	Marionette	INFO	Stopped listening on port 26665
Dynamically enable window occlusion 1
1676485021797	geckodriver	INFO	Listening on 127.0.0.1:27190
1676485024796	mozrunner::runner	INFO	Running command: "C:\\Program Files\\Mozilla Firefox\\firefox.exe" "--marionette" "--remote-debugging-port" "27191" "--remote-allow-hosts" "localhost" "-no-remote" "-profile" "C:\\Users\\Alex\\AppData\\Local\\Temp\\rust_mozprofileamqxyB"
console.warn: services.settings: Ignoring preference override of remote settings server
console.warn: services.settings: Allow by setting MOZ_REMOTE_SETTINGS_DEVTOOLS=1 in the environment
1676485025038	Marionette	INFO	Marionette enabled
Dynamically enable window occlusion 0
1676485025042	Marionette	INFO	Listening on port 27218
Read port: 27218
WebDriver BiDi listening on ws://127.0.0.1:27191
1676485025169	RemoteAgent	WARN	TLS certificate errors will be ignored for this session
console.warn: SearchSettings: "get: No settings file exists, new profile?" (new NotFoundError("Could not open the file at C:\\Users\\Alex\\AppData\\Local\\Temp\\rust_mozprofileamqxyB\\search.json.mozlz4", (void 0)))
DevTools listening on ws://127.0.0.1:27191/devtools/browser/ab7114dd-fbc5-4d07-8663-924f11d18b99
1676485033711	Marionette	INFO	Stopped listening on port 27218
Dynamically enable window occlusion 1
WARNING: A blocker encountered an error while we were waiting.
          Blocker:  Waiting for ping task
          Phase: TelemetryController: Waiting for pending ping activity
          State: (none)
WARNING: Error: Phase "profile-before-change" is finished, it is too late to register completion condition "OS.File: flush I/O queued before profileBeforeChange"
WARNING: addBlocker@resource://gre/modules/AsyncShutdown.sys.mjs:727:15
addBlocker@resource://gre/modules/AsyncShutdown.sys.mjs:523:26
addBlocker@resource://gre/modules/AsyncShutdown.sys.mjs:458:15
setupShutdown@resource://gre/modules/osfile/osfile_async_front.jsm:1548:28
@resource://gre/modules/osfile/osfile_async_front.jsm:1568:16
@resource://gre/modules/osfile.jsm:12:30
@resource://gre/modules/TelemetryStorage.sys.mjs:10:28
_checkPendingPings@resource://gre/modules/TelemetrySend.sys.mjs:863:17
setup@resource://gre/modules/TelemetrySend.sys.mjs:803:18
setup@resource://gre/modules/TelemetrySend.sys.mjs:241:30
setupTelemetry/this._delayedInitTask<@resource://gre/modules/TelemetryControllerParent.sys.mjs:829:36
observe@resource://gre/modules/AsyncShutdown.sys.mjs:576:16

WARNING: A blocker encountered an error while we were waiting.
          Blocker:  Waiting for ping task
          Phase: TelemetryController: Waiting for pending ping activity
          State: (none)
WARNING: Error: Phase "profile-before-change" is finished, it is too late to register completion condition "OS.File: flush I/O queued before profileBeforeChange"
WARNING: addBlocker@resource://gre/modules/AsyncShutdown.sys.mjs:727:15
addBlocker@resource://gre/modules/AsyncShutdown.sys.mjs:523:26
addBlocker@resource://gre/modules/AsyncShutdown.sys.mjs:458:15
setupShutdown@resource://gre/modules/osfile/osfile_async_front.jsm:1548:28
@resource://gre/modules/osfile/osfile_async_front.jsm:1568:16
@resource://gre/modules/osfile.jsm:12:30
@resource://gre/modules/TelemetryStorage.sys.mjs:10:28
_checkPendingPings@resource://gre/modules/TelemetrySend.sys.mjs:863:17
setup@resource://gre/modules/TelemetrySend.sys.mjs:803:18
setup@resource://gre/modules/TelemetrySend.sys.mjs:241:30
setupTelemetry/this._delayedInitTask<@resource://gre/modules/TelemetryControllerParent.sys.mjs:829:36
observe@resource://gre/modules/AsyncShutdown.sys.mjs:576:16

WARNING: A blocker encountered an error while we were waiting.
          Blocker:  Waiting for ping task
          Phase: TelemetryController: Waiting for pending ping activity
          State: (none)
WARNING: Error: Phase "profile-before-change" is finished, it is too late to register completion condition "OS.File: flush I/O queued before profileBeforeChange"
WARNING: addBlocker@resource://gre/modules/AsyncShutdown.sys.mjs:727:15
addBlocker@resource://gre/modules/AsyncShutdown.sys.mjs:523:26
addBlocker@resource://gre/modules/AsyncShutdown.sys.mjs:458:15
setupShutdown@resource://gre/modules/osfile/osfile_async_front.jsm:1548:28
@resource://gre/modules/osfile/osfile_async_front.jsm:1568:16
@resource://gre/modules/osfile.jsm:12:30
@resource://gre/modules/TelemetryStorage.sys.mjs:10:28
_checkPendingPings@resource://gre/modules/TelemetrySend.sys.mjs:863:17
setup@resource://gre/modules/TelemetrySend.sys.mjs:803:18
setup@resource://gre/modules/TelemetrySend.sys.mjs:241:30
setupTelemetry/this._delayedInitTask<@resource://gre/modules/TelemetryControllerParent.sys.mjs:829:36
observe@resource://gre/modules/AsyncShutdown.sys.mjs:576:16

WARNING: A blocker encountered an error while we were waiting.
          Blocker:  TelemetryController: shutting down
          Phase: profile-before-change-telemetry
          State: Error getting state: Error: Phase "profile-before-change" is finished, it is too late to register completion condition "OS.File: flush I/O queued before profileBeforeChange" at addBlocker@resource://gre/modules/AsyncShutdown.sys.mjs:727:15
addBlocker@resource://gre/modules/AsyncShutdown.sys.mjs:523:26
addBlocker@resource://gre/modules/AsyncShutdown.sys.mjs:458:15
setupShutdown@resource://gre/modules/osfile/osfile_async_front.jsm:1548:28
@resource://gre/modules/osfile/osfile_async_front.jsm:1568:16
@resource://gre/modules/osfile.jsm:12:30
@resource://gre/modules/TelemetryStorage.sys.mjs:10:28
_checkPendingPings@resource://gre/modules/TelemetrySend.sys.mjs:863:17
setup@resource://gre/modules/TelemetrySend.sys.mjs:803:18
setup@resource://gre/modules/TelemetrySend.sys.mjs:241:30
setupTelemetry/this._delayedInitTask<@resource://gre/modules/TelemetryControllerParent.sys.mjs:829:36
observe@resource://gre/modules/AsyncShutdown.sys.mjs:576:16

WARNING: Error: Phase "profile-before-change" is finished, it is too late to register completion condition "OS.File: flush I/O queued before profileBeforeChange"
WARNING: addBlocker@resource://gre/modules/AsyncShutdown.sys.mjs:727:15
addBlocker@resource://gre/modules/AsyncShutdown.sys.mjs:523:26
addBlocker@resource://gre/modules/AsyncShutdown.sys.mjs:458:15
setupShutdown@resource://gre/modules/osfile/osfile_async_front.jsm:1548:28
@resource://gre/modules/osfile/osfile_async_front.jsm:1568:16
@resource://gre/modules/osfile.jsm:12:30
@resource://gre/modules/TelemetryStorage.sys.mjs:10:28
_checkPendingPings@resource://gre/modules/TelemetrySend.sys.mjs:863:17
setup@resource://gre/modules/TelemetrySend.sys.mjs:803:18
setup@resource://gre/modules/TelemetrySend.sys.mjs:241:30
setupTelemetry/this._delayedInitTask<@resource://gre/modules/TelemetryControllerParent.sys.mjs:829:36
observe@resource://gre/modules/AsyncShutdown.sys.mjs:576:16

JavaScript error: resource://gre/modules/AsyncShutdown.sys.mjs, line 727: Error: Phase "profile-before-change" is finished, it is too late to register completion condition "OS.File: flush I/O queued before profileBeforeChange"
JavaScript error: resource://gre/modules/AsyncShutdown.sys.mjs, line 727: Error: Phase "profile-before-change" is finished, it is too late to register completion condition "OS.File: flush I/O queued before profileBeforeChange"
JavaScript error: resource://gre/modules/AsyncShutdown.sys.mjs, line 727: Error: Phase "profile-before-change" is finished, it is too late to register completion condition "OS.File: flush I/O queued before profileBeforeChange"
JavaScript error: resource://gre/modules/AsyncShutdown.sys.mjs, line 727: Error: Phase "profile-before-change" is finished, it is too late to register completion condition "OS.File: flush I/O queued before profileBeforeChange"
JavaScript error: resource://gre/modules/AsyncShutdown.sys.mjs, line 727: Error: Phase "profile-before-change" is finished, it is too late to register completion condition "OS.File: flush I/O queued before profileBeforeChange"
JavaScript error: resource://gre/modules/AsyncShutdown.sys.mjs, line 727: Error: Phase "profile-before-change" is finished, it is too late to register completion condition "OS.File: flush I/O queued before profileBeforeChange"
1676485051425	geckodriver	INFO	Listening on 127.0.0.1:27398
1676485054423	mozrunner::runner	INFO	Running command: "C:\\Program Files\\Mozilla Firefox\\firefox.exe" "--marionette" "--remote-debugging-port" "27399" "--remote-allow-hosts" "localhost" "-no-remote" "-profile" "C:\\Users\\Alex\\AppData\\Local\\Temp\\rust_mozprofilebpOAdr"
console.warn: services.settings: Ignoring preference override of remote settings server
console.warn: services.settings: Allow by setting MOZ_REMOTE_SETTINGS_DEVTOOLS=1 in the environment
1676485054907	Marionette	INFO	Marionette enabled
Dynamically enable window occlusion 0
1676485054912	Marionette	INFO	Listening on port 27419
Read port: 27419
WebDriver BiDi listening on ws://127.0.0.1:27399
1676485055040	RemoteAgent	WARN	TLS certificate errors will be ignored for this session
console.warn: SearchSettings: "get: No settings file exists, new profile?" (new NotFoundError("Could not open the file at C:\\Users\\Alex\\AppData\\Local\\Temp\\rust_mozprofilebpOAdr\\search.json.mozlz4", (void 0)))
DevTools listening on ws://127.0.0.1:27399/devtools/browser/926ae61f-028c-4445-a25e-9d7254659fc1
1676485062438	Marionette	INFO	Stopped listening on port 27419
Dynamically enable window occlusion 1
WARNING: A blocker encountered an error while we were waiting.
          Blocker:  Waiting for ping task
          Phase: TelemetryController: Waiting for pending ping activity
          State: (none)
WARNING: Error: Phase "profile-before-change" is finished, it is too late to register completion condition "OS.File: flush I/O queued before profileBeforeChange"
WARNING: addBlocker@resource://gre/modules/AsyncShutdown.sys.mjs:727:15
addBlocker@resource://gre/modules/AsyncShutdown.sys.mjs:523:26
addBlocker@resource://gre/modules/AsyncShutdown.sys.mjs:458:15
setupShutdown@resource://gre/modules/osfile/osfile_async_front.jsm:1548:28
@resource://gre/modules/osfile/osfile_async_front.jsm:1568:16
@resource://gre/modules/osfile.jsm:12:30
@resource://gre/modules/TelemetryStorage.sys.mjs:10:28
_checkPendingPings@resource://gre/modules/TelemetrySend.sys.mjs:863:17
setup@resource://gre/modules/TelemetrySend.sys.mjs:803:18
setup@resource://gre/modules/TelemetrySend.sys.mjs:241:30
setupTelemetry/this._delayedInitTask<@resource://gre/modules/TelemetryControllerParent.sys.mjs:829:36
observe@resource://gre/modules/AsyncShutdown.sys.mjs:576:16

WARNING: A blocker encountered an error while we were waiting.
          Blocker:  Waiting for ping task
          Phase: TelemetryController: Waiting for pending ping activity
          State: (none)
WARNING: Error: Phase "profile-before-change" is finished, it is too late to register completion condition "OS.File: flush I/O queued before profileBeforeChange"
WARNING: addBlocker@resource://gre/modules/AsyncShutdown.sys.mjs:727:15
addBlocker@resource://gre/modules/AsyncShutdown.sys.mjs:523:26
addBlocker@resource://gre/modules/AsyncShutdown.sys.mjs:458:15
setupShutdown@resource://gre/modules/osfile/osfile_async_front.jsm:1548:28
@resource://gre/modules/osfile/osfile_async_front.jsm:1568:16
@resource://gre/modules/osfile.jsm:12:30
@resource://gre/modules/TelemetryStorage.sys.mjs:10:28
_checkPendingPings@resource://gre/modules/TelemetrySend.sys.mjs:863:17
setup@resource://gre/modules/TelemetrySend.sys.mjs:803:18
setup@resource://gre/modules/TelemetrySend.sys.mjs:241:30
setupTelemetry/this._delayedInitTask<@resource://gre/modules/TelemetryControllerParent.sys.mjs:829:36
observe@resource://gre/modules/AsyncShutdown.sys.mjs:576:16

WARNING: A blocker encountered an error while we were waiting.
          Blocker:  Waiting for ping task
          Phase: TelemetryController: Waiting for pending ping activity
          State: (none)
WARNING: Error: Phase "profile-before-change" is finished, it is too late to register completion condition "OS.File: flush I/O queued before profileBeforeChange"
WARNING: addBlocker@resource://gre/modules/AsyncShutdown.sys.mjs:727:15
addBlocker@resource://gre/modules/AsyncShutdown.sys.mjs:523:26
addBlocker@resource://gre/modules/AsyncShutdown.sys.mjs:458:15
setupShutdown@resource://gre/modules/osfile/osfile_async_front.jsm:1548:28
@resource://gre/modules/osfile/osfile_async_front.jsm:1568:16
@resource://gre/modules/osfile.jsm:12:30
@resource://gre/modules/TelemetryStorage.sys.mjs:10:28
_checkPendingPings@resource://gre/modules/TelemetrySend.sys.mjs:863:17
setup@resource://gre/modules/TelemetrySend.sys.mjs:803:18
setup@resource://gre/modules/TelemetrySend.sys.mjs:241:30
setupTelemetry/this._delayedInitTask<@resource://gre/modules/TelemetryControllerParent.sys.mjs:829:36
observe@resource://gre/modules/AsyncShutdown.sys.mjs:576:16

WARNING: A blocker encountered an error while we were waiting.
          Blocker:  TelemetryController: shutting down
          Phase: profile-before-change-telemetry
          State: Error getting state: Error: Phase "profile-before-change" is finished, it is too late to register completion condition "OS.File: flush I/O queued before profileBeforeChange" at addBlocker@resource://gre/modules/AsyncShutdown.sys.mjs:727:15
addBlocker@resource://gre/modules/AsyncShutdown.sys.mjs:523:26
addBlocker@resource://gre/modules/AsyncShutdown.sys.mjs:458:15
setupShutdown@resource://gre/modules/osfile/osfile_async_front.jsm:1548:28
@resource://gre/modules/osfile/osfile_async_front.jsm:1568:16
@resource://gre/modules/osfile.jsm:12:30
@resource://gre/modules/TelemetryStorage.sys.mjs:10:28
_checkPendingPings@resource://gre/modules/TelemetrySend.sys.mjs:863:17
setup@resource://gre/modules/TelemetrySend.sys.mjs:803:18
setup@resource://gre/modules/TelemetrySend.sys.mjs:241:30
setupTelemetry/this._delayedInitTask<@resource://gre/modules/TelemetryControllerParent.sys.mjs:829:36
observe@resource://gre/modules/AsyncShutdown.sys.mjs:576:16

WARNING: Error: Phase "profile-before-change" is finished, it is too late to register completion condition "OS.File: flush I/O queued before profileBeforeChange"
WARNING: addBlocker@resource://gre/modules/AsyncShutdown.sys.mjs:727:15
addBlocker@resource://gre/modules/AsyncShutdown.sys.mjs:523:26
addBlocker@resource://gre/modules/AsyncShutdown.sys.mjs:458:15
setupShutdown@resource://gre/modules/osfile/osfile_async_front.jsm:1548:28
@resource://gre/modules/osfile/osfile_async_front.jsm:1568:16
@resource://gre/modules/osfile.jsm:12:30
@resource://gre/modules/TelemetryStorage.sys.mjs:10:28
_checkPendingPings@resource://gre/modules/TelemetrySend.sys.mjs:863:17
setup@resource://gre/modules/TelemetrySend.sys.mjs:803:18
setup@resource://gre/modules/TelemetrySend.sys.mjs:241:30
setupTelemetry/this._delayedInitTask<@resource://gre/modules/TelemetryControllerParent.sys.mjs:829:36
observe@resource://gre/modules/AsyncShutdown.sys.mjs:576:16

JavaScript error: resource://gre/modules/AsyncShutdown.sys.mjs, line 727: Error: Phase "profile-before-change" is finished, it is too late to register completion condition "OS.File: flush I/O queued before profileBeforeChange"
JavaScript error: resource://gre/modules/AsyncShutdown.sys.mjs, line 727: Error: Phase "profile-before-change" is finished, it is too late to register completion condition "OS.File: flush I/O queued before profileBeforeChange"
JavaScript error: resource://gre/modules/AsyncShutdown.sys.mjs, line 727: Error: Phase "profile-before-change" is finished, it is too late to register completion condition "OS.File: flush I/O queued before profileBeforeChange"
JavaScript error: resource://gre/modules/AsyncShutdown.sys.mjs, line 727: Error: Phase "profile-before-change" is finished, it is too late to register completion condition "OS.File: flush I/O queued before profileBeforeChange"
JavaScript error: resource://gre/modules/AsyncShutdown.sys.mjs, line 727: Error: Phase "profile-before-change" is finished, it is too late to register completion condition "OS.File: flush I/O queued before profileBeforeChange"
JavaScript error: resource://gre/modules/AsyncShutdown.sys.mjs, line 727: Error: Phase "profile-before-change" is finished, it is too late to register completion condition "OS.File: flush I/O queued before profileBeforeChange"
1676485076007	geckodriver	INFO	Listening on 127.0.0.1:27578
1676485079005	mozrunner::runner	INFO	Running command: "C:\\Program Files\\Mozilla Firefox\\firefox.exe" "--marionette" "--remote-debugging-port" "27579" "--remote-allow-hosts" "localhost" "-no-remote" "-profile" "C:\\Users\\Alex\\AppData\\Local\\Temp\\rust_mozprofile0nIdh0"
console.warn: services.settings: Ignoring preference override of remote settings server
console.warn: services.settings: Allow by setting MOZ_REMOTE_SETTINGS_DEVTOOLS=1 in the environment
1676485079249	Marionette	INFO	Marionette enabled
Dynamically enable window occlusion 0
1676485079252	Marionette	INFO	Listening on port 27606
Read port: 27606
WebDriver BiDi listening on ws://127.0.0.1:27579
1676485079387	RemoteAgent	WARN	TLS certificate errors will be ignored for this session
console.warn: SearchSettings: "get: No settings file exists, new profile?" (new NotFoundError("Could not open the file at C:\\Users\\Alex\\AppData\\Local\\Temp\\rust_mozprofile0nIdh0\\search.json.mozlz4", (void 0)))
DevTools listening on ws://127.0.0.1:27579/devtools/browser/fea1e4ed-d091-41a5-a9c7-ef29d03dc54b
1676485086266	Marionette	INFO	Stopped listening on port 27606
Dynamically enable window occlusion 1
1676485103215	geckodriver	INFO	Listening on 127.0.0.1:27816
1676485106216	mozrunner::runner	INFO	Running command: "C:\\Program Files\\Mozilla Firefox\\firefox.exe" "--marionette" "--remote-debugging-port" "27817" "--remote-allow-hosts" "localhost" "-no-remote" "-profile" "C:\\Users\\Alex\\AppData\\Local\\Temp\\rust_mozprofileWwFtaI"
console.warn: services.settings: Ignoring preference override of remote settings server
console.warn: services.settings: Allow by setting MOZ_REMOTE_SETTINGS_DEVTOOLS=1 in the environment
1676485106460	Marionette	INFO	Marionette enabled
Dynamically enable window occlusion 0
1676485106464	Marionette	INFO	Listening on port 27847
Read port: 27847
WebDriver BiDi listening on ws://127.0.0.1:27817
1676485106591	RemoteAgent	WARN	TLS certificate errors will be ignored for this session
console.warn: SearchSettings: "get: No settings file exists, new profile?" (new NotFoundError("Could not open the file at C:\\Users\\Alex\\AppData\\Local\\Temp\\rust_mozprofileWwFtaI\\search.json.mozlz4", (void 0)))
DevTools listening on ws://127.0.0.1:27817/devtools/browser/976621d5-7fcc-4aae-ace5-48b91d22ba17
1676485113587	Marionette	INFO	Stopped listening on port 27847
Dynamically enable window occlusion 1
[Parent 24520, IPC I/O Parent] WARNING: DuplicateHandle failed for handle 0 in TransferHandles: file /builds/worker/checkouts/gecko/ipc/chromium/src/chrome/common/ipc_channel_win.cc:777
1676488801351	geckodriver	INFO	Listening on 127.0.0.1:3999
1676488804397	mozrunner::runner	INFO	Running command: "C:\\Program Files\\Mozilla Firefox\\firefox.exe" "--marionette" "--remote-debugging-port" "4000" "--remote-allow-hosts" "localhost" "-no-remote" "-profile" "C:\\Users\\Alex\\AppData\\Local\\Temp\\rust_mozprofileD4mIxe"
console.warn: services.settings: Ignoring preference override of remote settings server
console.warn: services.settings: Allow by setting MOZ_REMOTE_SETTINGS_DEVTOOLS=1 in the environment
1676488804936	Marionette	INFO	Marionette enabled
Dynamically enable window occlusion 0
1676488804940	Marionette	INFO	Listening on port 4010
Read port: 4010
WebDriver BiDi listening on ws://127.0.0.1:4000
1676488805073	RemoteAgent	WARN	TLS certificate errors will be ignored for this session
console.warn: SearchSettings: "get: No settings file exists, new profile?" (new NotFoundError("Could not open the file at C:\\Users\\Alex\\AppData\\Local\\Temp\\rust_mozprofileD4mIxe\\search.json.mozlz4", (void 0)))
DevTools listening on ws://127.0.0.1:4000/devtools/browser/6f884e50-d88a-4617-8581-dee6f27f274a
1676488809553	Marionette	INFO	Stopped listening on port 4010
Dynamically enable window occlusion 1
1676488975232	geckodriver	INFO	Listening on 127.0.0.1:4466
1676488978264	mozrunner::runner	INFO	Running command: "C:\\Program Files\\Mozilla Firefox\\firefox.exe" "--marionette" "--remote-debugging-port" "4467" "--remote-allow-hosts" "localhost" "-no-remote" "-profile" "C:\\Users\\Alex\\AppData\\Local\\Temp\\rust_mozprofileSxwWSX"
console.warn: services.settings: Ignoring preference override of remote settings server
console.warn: services.settings: Allow by setting MOZ_REMOTE_SETTINGS_DEVTOOLS=1 in the environment
1676488978556	Marionette	INFO	Marionette enabled
Dynamically enable window occlusion 0
1676488978560	Marionette	INFO	Listening on port 4477
Read port: 4477
WebDriver BiDi listening on ws://127.0.0.1:4467
1676488978674	RemoteAgent	WARN	TLS certificate errors will be ignored for this session
console.warn: SearchSettings: "get: No settings file exists, new profile?" (new NotFoundError("Could not open the file at C:\\Users\\Alex\\AppData\\Local\\Temp\\rust_mozprofileSxwWSX\\search.json.mozlz4", (void 0)))
DevTools listening on ws://127.0.0.1:4467/devtools/browser/5ba03282-9b1f-478c-8783-da1785039c04
1676488981341	Marionette	INFO	Stopped listening on port 4477
Dynamically enable window occlusion 1
1676488985051	geckodriver	INFO	Listening on 127.0.0.1:4525
1676488988081	mozrunner::runner	INFO	Running command: "C:\\Program Files\\Mozilla Firefox\\firefox.exe" "--marionette" "--remote-debugging-port" "4526" "--remote-allow-hosts" "localhost" "-no-remote" "-profile" "C:\\Users\\Alex\\AppData\\Local\\Temp\\rust_mozprofilemV0Vni"
console.warn: services.settings: Ignoring preference override of remote settings server
console.warn: services.settings: Allow by setting MOZ_REMOTE_SETTINGS_DEVTOOLS=1 in the environment
1676488988334	Marionette	INFO	Marionette enabled
Dynamically enable window occlusion 0
1676488988337	Marionette	INFO	Listening on port 4536
Read port: 4536
WebDriver BiDi listening on ws://127.0.0.1:4526
1676488988459	RemoteAgent	WARN	TLS certificate errors will be ignored for this session
console.warn: SearchSettings: "get: No settings file exists, new profile?" (new NotFoundError("Could not open the file at C:\\Users\\Alex\\AppData\\Local\\Temp\\rust_mozprofilemV0Vni\\search.json.mozlz4", (void 0)))
DevTools listening on ws://127.0.0.1:4526/devtools/browser/e314db77-fcd5-4366-8814-1b3019cf4f38
console.warn: LoginRecipes: "Falling back to a synchronous message for: https://www.kjell.com."
1676488991740	Marionette	INFO	Stopped listening on port 4536
Dynamically enable window occlusion 1
1676489003312	geckodriver	INFO	Listening on 127.0.0.1:4598
1676489006344	mozrunner::runner	INFO	Running command: "C:\\Program Files\\Mozilla Firefox\\firefox.exe" "--marionette" "--remote-debugging-port" "4599" "--remote-allow-hosts" "localhost" "-no-remote" "-profile" "C:\\Users\\Alex\\AppData\\Local\\Temp\\rust_mozprofileQoVFjb"
console.warn: services.settings: Ignoring preference override of remote settings server
console.warn: services.settings: Allow by setting MOZ_REMOTE_SETTINGS_DEVTOOLS=1 in the environment
1676489006630	Marionette	INFO	Marionette enabled
Dynamically enable window occlusion 0
1676489006633	Marionette	INFO	Listening on port 4609
Read port: 4609
WebDriver BiDi listening on ws://127.0.0.1:4599
1676489006747	RemoteAgent	WARN	TLS certificate errors will be ignored for this session
console.warn: SearchSettings: "get: No settings file exists, new profile?" (new NotFoundError("Could not open the file at C:\\Users\\Alex\\AppData\\Local\\Temp\\rust_mozprofileQoVFjb\\search.json.mozlz4", (void 0)))
DevTools listening on ws://127.0.0.1:4599/devtools/browser/6aaee6cd-62a7-48fa-8523-e30bb0eb8a66
1676489010980	Marionette	INFO	Stopped listening on port 4609
Dynamically enable window occlusion 1
1676489341275	geckodriver	INFO	Listening on 127.0.0.1:5128
1676489344305	mozrunner::runner	INFO	Running command: "C:\\Program Files\\Mozilla Firefox\\firefox.exe" "--marionette" "--remote-debugging-port" "5129" "--remote-allow-hosts" "localhost" "-no-remote" "-profile" "C:\\Users\\Alex\\AppData\\Local\\Temp\\rust_mozprofile56XAVk"
console.warn: services.settings: Ignoring preference override of remote settings server
console.warn: services.settings: Allow by setting MOZ_REMOTE_SETTINGS_DEVTOOLS=1 in the environment
1676489344623	Marionette	INFO	Marionette enabled
Dynamically enable window occlusion 0
1676489344626	Marionette	INFO	Listening on port 5140
WebDriver BiDi listening on ws://127.0.0.1:5129
Read port: 5140
1676489344754	RemoteAgent	WARN	TLS certificate errors will be ignored for this session
console.warn: SearchSettings: "get: No settings file exists, new profile?" (new NotFoundError("Could not open the file at C:\\Users\\Alex\\AppData\\Local\\Temp\\rust_mozprofile56XAVk\\search.json.mozlz4", (void 0)))
DevTools listening on ws://127.0.0.1:5129/devtools/browser/25ed5ad7-f0dd-433a-a8e7-d934cca770f8
JavaScript error: , line 0: TypeError: NetworkError when attempting to fetch resource.
JavaScript error: , line 0: TypeError: NetworkError when attempting to fetch resource.
JavaScript error: , line 0: TypeError: NetworkError when attempting to fetch resource.
JavaScript error: , line 0: TypeError: NetworkError when attempting to fetch resource.
JavaScript error: , line 0: TypeError: NetworkError when attempting to fetch resource.
JavaScript error: , line 0: TypeError: NetworkError when attempting to fetch resource.
console.warn: LoginRecipes: "Falling back to a synchronous message for: https://www.kjell.com."
JavaScript error: , line 0: TypeError: NetworkError when attempting to fetch resource.
1676489352284	Marionette	INFO	Stopped listening on port 5140
Dynamically enable window occlusion 1
